#
# A fatal error has been detected by the Java Runtime Environment:
#
#  EXCEPTION_ACCESS_VIOLATION (0xc0000005) at pc=0x00007ffc1edac857, pid=5148, tid=6168
#
# JRE version: Java(TM) SE Runtime Environment (17.0.12+8) (build 17.0.12+8-LTS-286)
# Java VM: Java HotSpot(TM) 64-Bit Server VM (17.0.12+8-LTS-286, mixed mode, sharing, tiered, compressed oops, compressed class ptrs, g1 gc, windows-amd64)
# Problematic frame:
# C  0x00007ffc1edac857
#
# No core dump will be written. Minidumps are not enabled by default on client versions of Windows
#
# If you would like to submit a bug report, please visit:
#   https://bugreport.java.com/bugreport/crash.jsp
# The crash happened outside the Java Virtual Machine in native code.
# See problematic frame for where to report the bug.
#

---------------  S U M M A R Y ------------

Command Line: -javaagent:C:\Program Files\JetBrains\IntelliJ IDEA 2025.1.4.1\lib\idea_rt.jar=59912 -Dfile.encoding=UTF-8 Start

Host: Intel(R) Core(TM) i7-7700 CPU @ 3.60GHz, 8 cores, 15G,  Windows 11 , 64 bit Build 22621 (10.0.22621.5415)
Time: Sun Aug 17 12:09:03 2025  Windows 11 , 64 bit Build 22621 (10.0.22621.5415) elapsed time: 11.982843 seconds (0d 0h 0m 11s)

---------------  T H R E A D  ---------------

Current thread (0x00000172148c0620):  JavaThread "Client thread" [_thread_in_native, id=6168, stack(0x0000005359c00000,0x0000005359d00000)]

Stack: [0x0000005359c00000,0x0000005359d00000],  sp=0x0000005359cfeb98,  free space=1018k
Native frames: (J=compiled Java code, j=interpreted, Vv=VM code, C=native code)
C  0x00007ffc1edac857

Java frames: (J=compiled Java code, j=interpreted, Vv=VM code)
j  org.lwjgl.opengl.GL11C.nglGetString(I)J+0
j  org.lwjgl.opengl.GL11C.glGetString(I)Ljava/lang/String;+1
j  org.lwjgl.opengl.GL11.glGetString(I)Ljava/lang/String;+1
j  org.lwjglx.opengl.GL11.glGetString(I)Ljava/lang/String;+1
j  net.minecraft.client.renderer.GlStateManager.glGetString(I)Ljava/lang/String;+1
j  net.minecraft.client.Minecraft$6.call()Ljava/lang/String;+3
j  net.minecraft.client.Minecraft$6.call()Ljava/lang/Object;+1
j  net.minecraft.crash.CrashReportCategory.addDetail(Ljava/lang/String;Lnet/minecraft/crash/ICrashReportDetail;)V+3
j  net.minecraft.client.Minecraft.addGraphicsAndWorldToCrashReport(Lnet/minecraft/crash/CrashReport;)Lnet/minecraft/crash/CrashReport;+51
j  net.minecraft.client.Minecraft.run()V+32
j  net.minecraft.client.main.Main.main([Ljava/lang/String;)V+1048
j  Start.main([Ljava/lang/String;)V+93
v  ~StubRoutines::call_stub

siginfo: EXCEPTION_ACCESS_VIOLATION (0xc0000005), reading address 0x0000000000000378


Registers:
RAX=0x000001727e487480, RBX=0x000001727bf93510, RCX=0x0000000000000000, RDX=0x0000005359cfec20
RSP=0x0000005359cfeb98, RBP=0x0000005359cfec10, RSI=0x0000000000000000, RDI=0x0000000711cbbdc8
R8 =0x0000000000001f01, R9 =0x0000000000000002, R10=0x00000172239ed5a7, R11=0x0000000712097550
R12=0x0000000000000000, R13=0x000001727bf93510, R14=0x0000005359cfec30, R15=0x00000172148c0620
RIP=0x00007ffc1edac857, EFLAGS=0x0000000000010206


Register to memory mapping:

RIP=0x00007ffc1edac857 points into unknown readable memory: 48
RAX=0x000001727e487480 points into unknown readable memory: 0x0000000000000000 | 00 00 00 00 00 00 00 00
RBX={method} {0x000001727bf93518} 'nglGetString' '(I)J' in 'org/lwjgl/opengl/GL11C'
RCX=0x0 is NULL
RDX=0x0000005359cfec20 is pointing into the stack for thread: 0x00000172148c0620
RSP=0x0000005359cfeb98 is pointing into the stack for thread: 0x00000172148c0620
RBP=0x0000005359cfec10 is pointing into the stack for thread: 0x00000172148c0620
RSI=0x0 is NULL
RDI=0x0000000711cbbdc8 is an unallocated location in the heap
R8 =0x0000000000001f01 is an unknown value
R9 =0x0000000000000002 is an unknown value
R10=0x00000172239ed5a7 is at code_begin+935 in an Interpreter codelet
method entry point (kind = native)  [0x00000172239ed200, 0x00000172239edb60]  2400 bytes
R11=0x0000000712097550 is an oop: java.lang.Class 
{0x0000000712097550} - klass: 'java/lang/Class'
 - ---- fields (total size 116 words):
 - private volatile transient 'classRedefinedCount' 'I' @12  0
 - private volatile transient 'cachedConstructor' 'Ljava/lang/reflect/Constructor;' @40  NULL (0)
 - private transient 'name' 'Ljava/lang/String;' @44  "org.lwjgl.opengl.GL11C"{0x0000000712097900} (e2412f20)
 - private transient 'module' 'Ljava/lang/Module;' @48  a 'java/lang/Module'{0x00000007010b6730} (e0216ce6)
 - private final 'classLoader' 'Ljava/lang/ClassLoader;' @52  a 'jdk/internal/loader/ClassLoaders$AppClassLoader'{0x0000000701029600} (e02052c0)
 - private transient 'classData' 'Ljava/lang/Object;' @56  NULL (0)
 - private transient 'packageName' 'Ljava/lang/String;' @60  "org.lwjgl.opengl"{0x0000000711ba0230} (e2374046)
 - private final 'componentType' 'Ljava/lang/Class;' @64  NULL (0)
 - private volatile transient 'reflectionData' 'Ljava/lang/ref/SoftReference;' @68  NULL (0)
 - private volatile transient 'genericInfo' 'Lsun/reflect/generics/repository/ClassRepository;' @72  NULL (0)
 - private volatile transient 'enumConstants' '[Ljava/lang/Object;' @76  NULL (0)
 - private volatile transient 'enumConstantDirectory' 'Ljava/util/Map;' @80  NULL (0)
 - private volatile transient 'annotationData' 'Ljava/lang/Class$AnnotationData;' @84  NULL (0)
 - private volatile transient 'annotationType' 'Lsun/reflect/annotation/AnnotationType;' @88  NULL (0)
 - transient 'classValueMap' 'Ljava/lang/ClassValue$ClassValueMap;' @92  NULL (0)
 - signature: Lorg/lwjgl/opengl/GL11C;
 - fake entry for mirror: 'org/lwjgl/opengl/GL11C'
 - fake entry for array: NULL
 - fake entry for oop_size: 116
 - fake entry for static_oop_field_count: 0
 - public static final 'GL_NEVER' 'I' @112  512 (200)
 - public static final 'GL_LESS' 'I' @116  513 (201)
 - public static final 'GL_EQUAL' 'I' @120  514 (202)
 - public static final 'GL_LEQUAL' 'I' @124  515 (203)
 - public static final 'GL_GREATER' 'I' @128  516 (204)
 - public static final 'GL_NOTEQUAL' 'I' @132  517 (205)
 - public static final 'GL_GEQUAL' 'I' @136  518 (206)
 - public static final 'GL_ALWAYS' 'I' @140  519 (207)
 - public static final 'GL_DEPTH_BUFFER_BIT' 'I' @144  256 (100)
 - public static final 'GL_STENCIL_BUFFER_BIT' 'I' @148  1024 (400)
 - public static final 'GL_COLOR_BUFFER_BIT' 'I' @152  16384 (4000)
 - public static final 'GL_POINTS' 'I' @156  0
 - public static final 'GL_LINES' 'I' @160  1
 - public static final 'GL_LINE_LOOP' 'I' @164  2
 - public static final 'GL_LINE_STRIP' 'I' @168  3
 - public static final 'GL_TRIANGLES' 'I' @172  4
 - public static final 'GL_TRIANGLE_STRIP' 'I' @176  5
 - public static final 'GL_TRIANGLE_FAN' 'I' @180  6
 - public static final 'GL_QUADS' 'I' @184  7
 - public static final 'GL_ZERO' 'I' @188  0
 - public static final 'GL_ONE' 'I' @192  1
 - public static final 'GL_SRC_COLOR' 'I' @196  768 (300)
 - public static final 'GL_ONE_MINUS_SRC_COLOR' 'I' @200  769 (301)
 - public static final 'GL_SRC_ALPHA' 'I' @204  770 (302)
 - public static final 'GL_ONE_MINUS_SRC_ALPHA' 'I' @208  771 (303)
 - public static final 'GL_DST_ALPHA' 'I' @212  772 (304)
 - public static final 'GL_ONE_MINUS_DST_ALPHA' 'I' @216  773 (305)
 - public static final 'GL_DST_COLOR' 'I' @220  774 (306)
 - public static final 'GL_ONE_MINUS_DST_COLOR' 'I' @224  775 (307)
 - public static final 'GL_SRC_ALPHA_SATURATE' 'I' @228  776 (308)
 - public static final 'GL_TRUE' 'I' @232  1
 - public static final 'GL_FALSE' 'I' @236  0
 - public static final 'GL_BYTE' 'I' @240  5120 (1400)
 - public static final 'GL_UNSIGNED_BYTE' 'I' @244  5121 (1401)
 - public static final 'GL_SHORT' 'I' @248  5122 (1402)
 - public static final 'GL_UNSIGNED_SHORT' 'I' @252  5123 (1403)
 - public static final 'GL_INT' 'I' @256  5124 (1404)
 - public static final 'GL_UNSIGNED_INT' 'I' @260  5125 (1405)
 - public static final 'GL_FLOAT' 'I' @264  5126 (1406)
 - public static final 'GL_DOUBLE' 'I' @268  5130 (140a)
 - public static final 'GL_NONE' 'I' @272  0
 - public static final 'GL_FRONT_LEFT' 'I' @276  1024 (400)
 - public static final 'GL_FRONT_RIGHT' 'I' @280  1025 (401)
 - public static final 'GL_BACK_LEFT' 'I' @284  1026 (402)
 - public static final 'GL_BACK_RIGHT' 'I' @288  1027 (403)
 - public static final 'GL_FRONT' 'I' @292  1028 (404)
 - public static final 'GL_BACK' 'I' @296  1029 (405)
 - public static final 'GL_LEFT' 'I' @300  1030 (406)
 - public static final 'GL_RIGHT' 'I' @304  1031 (407)
 - public static final 'GL_FRONT_AND_BACK' 'I' @308  1032 (408)
 - public static final 'GL_NO_ERROR' 'I' @312  0
 - public static final 'GL_INVALID_ENUM' 'I' @316  1280 (500)
 - public static final 'GL_INVALID_VALUE' 'I' @320  1281 (501)
 - public static final 'GL_INVALID_OPERATION' 'I' @324  1282 (502)
 - public static final 'GL_STACK_OVERFLOW' 'I' @328  1283 (503)
 - public static final 'GL_STACK_UNDERFLOW' 'I' @332  1284 (504)
 - public static final 'GL_OUT_OF_MEMORY' 'I' @336  1285 (505)
 - public static final 'GL_CW' 'I' @340  2304 (900)
 - public static final 'GL_CCW' 'I' @344  2305 (901)
 - public static final 'GL_POINT_SIZE' 'I' @348  2833 (b11)
 - public static final 'GL_POINT_SIZE_RANGE' 'I' @352  2834 (b12)
 - public static final 'GL_POINT_SIZE_GRANULARITY' 'I' @356  2835 (b13)
 - public static final 'GL_LINE_SMOOTH' 'I' @360  2848 (b20)
 - public static final 'GL_LINE_WIDTH' 'I' @364  2849 (b21)
 - public static final 'GL_LINE_WIDTH_RANGE' 'I' @368  2850 (b22)
 - public static final 'GL_LINE_WIDTH_GRANULARITY' 'I' @372  2851 (b23)
 - public static final 'GL_POLYGON_MODE' 'I' @376  2880 (b40)
 - public static final 'GL_POLYGON_SMOOTH' 'I' @380  2881 (b41)
 - public static final 'GL_CULL_FACE' 'I' @384  2884 (b44)
 - public static final 'GL_CULL_FACE_MODE' 'I' @388  2885 (b45)
 - public static final 'GL_FRONT_FACE' 'I' @392  2886 (b46)
 - public static final 'GL_DEPTH_RANGE' 'I' @396  2928 (b70)
 - public static final 'GL_DEPTH_TEST' 'I' @400  2929 (b71)
 - public static final 'GL_DEPTH_WRITEMASK' 'I' @404  2930 (b72)
 - public static final 'GL_DEPTH_CLEAR_VALUE' 'I' @408  2931 (b73)
 - public static final 'GL_DEPTH_FUNC' 'I' @412  2932 (b74)
 - public static final 'GL_STENCIL_TEST' 'I' @416  2960 (b90)
 - public static final 'GL_STENCIL_CLEAR_VALUE' 'I' @420  2961 (b91)
 - public static final 'GL_STENCIL_FUNC' 'I' @424  2962 (b92)
 - public static final 'GL_STENCIL_VALUE_MASK' 'I' @428  2963 (b93)
 - public static final 'GL_STENCIL_FAIL' 'I' @432  2964 (b94)
 - public static final 'GL_STENCIL_PASS_DEPTH_FAIL' 'I' @436  2965 (b95)
 - public static final 'GL_STENCIL_PASS_DEPTH_PASS' 'I' @440  2966 (b96)
 - public static final 'GL_STENCIL_REF' 'I' @444  2967 (b97)
 - public static final 'GL_STENCIL_WRITEMASK' 'I' @448  2968 (b98)
 - public static final 'GL_VIEWPORT' 'I' @452  2978 (ba2)
 - public static final 'GL_DITHER' 'I' @456  3024 (bd0)
 - public static final 'GL_BLEND_DST' 'I' @460  3040 (be0)
 - public static final 'GL_BLEND_SRC' 'I' @464  3041 (be1)
 - public static final 'GL_BLEND' 'I' @468  3042 (be2)
 - public static final 'GL_LOGIC_OP_MODE' 'I' @472  3056 (bf0)
 - public static final 'GL_COLOR_LOGIC_OP' 'I' @476  3058 (bf2)
 - public static final 'GL_DRAW_BUFFER' 'I' @480  3073 (c01)
 - public static final 'GL_READ_BUFFER' 'I' @484  3074 (c02)
 - public static final 'GL_SCISSOR_BOX' 'I' @488  3088 (c10)
 - public static final 'GL_SCISSOR_TEST' 'I' @492  3089 (c11)
 - public static final 'GL_COLOR_CLEAR_VALUE' 'I' @496  3106 (c22)
 - public static final 'GL_COLOR_WRITEMASK' 'I' @500  3107 (c23)
 - public static final 'GL_DOUBLEBUFFER' 'I' @504  3122 (c32)
 - public static final 'GL_STEREO' 'I' @508  3123 (c33)
 - public static final 'GL_LINE_SMOOTH_HINT' 'I' @512  3154 (c52)
 - public static final 'GL_POLYGON_SMOOTH_HINT' 'I' @516  3155 (c53)
 - public static final 'GL_UNPACK_SWAP_BYTES' 'I' @520  3312 (cf0)
 - public static final 'GL_UNPACK_LSB_FIRST' 'I' @524  3313 (cf1)
 - public static final 'GL_UNPACK_ROW_LENGTH' 'I' @528  3314 (cf2)
 - public static final 'GL_UNPACK_SKIP_ROWS' 'I' @532  3315 (cf3)
 - public static final 'GL_UNPACK_SKIP_PIXELS' 'I' @536  3316 (cf4)
 - public static final 'GL_UNPACK_ALIGNMENT' 'I' @540  3317 (cf5)
 - public static final 'GL_PACK_SWAP_BYTES' 'I' @544  3328 (d00)
 - public static final 'GL_PACK_LSB_FIRST' 'I' @548  3329 (d01)
 - public static final 'GL_PACK_ROW_LENGTH' 'I' @552  3330 (d02)
 - public static final 'GL_PACK_SKIP_ROWS' 'I' @556  3331 (d03)
 - public static final 'GL_PACK_SKIP_PIXELS' 'I' @560  3332 (d04)
 - public static final 'GL_PACK_ALIGNMENT' 'I' @564  3333 (d05)
 - public static final 'GL_MAX_TEXTURE_SIZE' 'I' @568  3379 (d33)
 - public static final 'GL_MAX_VIEWPORT_DIMS' 'I' @572  3386 (d3a)
 - public static final 'GL_SUBPIXEL_BITS' 'I' @576  3408 (d50)
 - public static final 'GL_TEXTURE_1D' 'I' @580  3552 (de0)
 - public static final 'GL_TEXTURE_2D' 'I' @584  3553 (de1)
 - public static final 'GL_TEXTURE_WIDTH' 'I' @588  4096 (1000)
 - public static final 'GL_TEXTURE_HEIGHT' 'I' @592  4097 (1001)
 - public static final 'GL_TEXTURE_INTERNAL_FORMAT' 'I' @596  4099 (1003)
 - public static final 'GL_TEXTURE_BORDER_COLOR' 'I' @600  4100 (1004)
 - public static final 'GL_DONT_CARE' 'I' @604  4352 (1100)
 - public static final 'GL_FASTEST' 'I' @608  4353 (1101)
 - public static final 'GL_NICEST' 'I' @612  4354 (1102)
 - public static final 'GL_CLEAR' 'I' @616  5376 (1500)
 - public static final 'GL_AND' 'I' @620  5377 (1501)
 - public static final 'GL_AND_REVERSE' 'I' @624  5378 (1502)
 - public static final 'GL_COPY' 'I' @628  5379 (1503)
 - public static final 'GL_AND_INVERTED' 'I' @632  5380 (1504)
 - public static final 'GL_NOOP' 'I' @636  5381 (1505)
 - public static final 'GL_XOR' 'I' @640  5382 (1506)
 - public static final 'GL_OR' 'I' @644  5383 (1507)
 - public static final 'GL_NOR' 'I' @648  5384 (1508)
 - public static final 'GL_EQUIV' 'I' @652  5385 (1509)
 - public static final 'GL_INVERT' 'I' @656  5386 (150a)
 - public static final 'GL_OR_REVERSE' 'I' @660  5387 (150b)
 - public static final 'GL_COPY_INVERTED' 'I' @664  5388 (150c)
 - public static final 'GL_OR_INVERTED' 'I' @668  5389 (150d)
 - public static final 'GL_NAND' 'I' @672  5390 (150e)
 - public static final 'GL_SET' 'I' @676  5391 (150f)
 - public static final 'GL_TEXTURE' 'I' @680  5890 (1702)
 - public static final 'GL_COLOR' 'I' @684  6144 (1800)
 - public static final 'GL_DEPTH' 'I' @688  6145 (1801)
 - public static final 'GL_STENCIL' 'I' @692  6146 (1802)
 - public static final 'GL_STENCIL_INDEX' 'I' @696  6401 (1901)
 - public static final 'GL_DEPTH_COMPONENT' 'I' @700  6402 (1902)
 - public static final 'GL_RED' 'I' @704  6403 (1903)
 - public static final 'GL_GREEN' 'I' @708  6404 (1904)
 - public static final 'GL_BLUE' 'I' @712  6405 (1905)
 - public static final 'GL_ALPHA' 'I' @716  6406 (1906)
 - public static final 'GL_RGB' 'I' @720  6407 (1907)
 - public static final 'GL_RGBA' 'I' @724  6408 (1908)
 - public static final 'GL_POINT' 'I' @728  6912 (1b00)
 - public static final 'GL_LINE' 'I' @732  6913 (1b01)
 - public static final 'GL_FILL' 'I' @736  6914 (1b02)
 - public static final 'GL_KEEP' 'I' @740  7680 (1e00)
 - public static final 'GL_REPLACE' 'I' @744  7681 (1e01)
 - public static final 'GL_INCR' 'I' @748  7682 (1e02)
 - public static final 'GL_DECR' 'I' @752  7683 (1e03)
 - public static final 'GL_VENDOR' 'I' @756  7936 (1f00)
 - public static final 'GL_RENDERER' 'I' @760  7937 (1f01)
 - public static final 'GL_VERSION' 'I' @764  7938 (1f02)
 - public static final 'GL_EXTENSIONS' 'I' @768  7939 (1f03)
 - public static final 'GL_NEAREST' 'I' @772  9728 (2600)
 - public static final 'GL_LINEAR' 'I' @776  9729 (2601)
 - public static final 'GL_NEAREST_MIPMAP_NEAREST' 'I' @780  9984 (2700)
 - public static final 'GL_LINEAR_MIPMAP_NEAREST' 'I' @784  9985 (2701)
 - public static final 'GL_NEAREST_MIPMAP_LINEAR' 'I' @788  9986 (2702)
 - public static final 'GL_LINEAR_MIPMAP_LINEAR' 'I' @792  9987 (2703)
 - public static final 'GL_TEXTURE_MAG_FILTER' 'I' @796  10240 (2800)
 - public static final 'GL_TEXTURE_MIN_FILTER' 'I' @800  10241 (2801)
 - public static final 'GL_TEXTURE_WRAP_S' 'I' @804  10242 (2802)
 - public static final 'GL_TEXTURE_WRAP_T' 'I' @808  10243 (2803)
 - public static final 'GL_REPEAT' 'I' @812  10497 (2901)
 - public static final 'GL_POLYGON_OFFSET_FACTOR' 'I' @816  32824 (8038)
 - public static final 'GL_POLYGON_OFFSET_UNITS' 'I' @820  10752 (2a00)
 - public static final 'GL_POLYGON_OFFSET_POINT' 'I' @824  10753 (2a01)
 - public static final 'GL_POLYGON_OFFSET_LINE' 'I' @828  10754 (2a02)
 - public static final 'GL_POLYGON_OFFSET_FILL' 'I' @832  32823 (8037)
 - public static final 'GL_R3_G3_B2' 'I' @836  10768 (2a10)
 - public static final 'GL_RGB4' 'I' @840  32847 (804f)
 - public static final 'GL_RGB5' 'I' @844  32848 (8050)
 - public static final 'GL_RGB8' 'I' @848  32849 (8051)
 - public static final 'GL_RGB10' 'I' @852  32850 (8052)
 - public static final 'GL_RGB12' 'I' @856  32851 (8053)
 - public static final 'GL_RGB16' 'I' @860  32852 (8054)
 - public static final 'GL_RGBA2' 'I' @864  32853 (8055)
 - public static final 'GL_RGBA4' 'I' @868  32854 (8056)
 - public static final 'GL_RGB5_A1' 'I' @872  32855 (8057)
 - public static final 'GL_RGBA8' 'I' @876  32856 (8058)
 - public static final 'GL_RGB10_A2' 'I' @880  32857 (8059)
 - public static final 'GL_RGBA12' 'I' @884  32858 (805a)
 - public static final 'GL_RGBA16' 'I' @888  32859 (805b)
 - public static final 'GL_TEXTURE_RED_SIZE' 'I' @892  32860 (805c)
 - public static final 'GL_TEXTURE_GREEN_SIZE' 'I' @896  32861 (805d)
 - public static final 'GL_TEXTURE_BLUE_SIZE' 'I' @900  32862 (805e)
 - public static final 'GL_TEXTURE_ALPHA_SIZE' 'I' @904  32863 (805f)
 - public static final 'GL_PROXY_TEXTURE_1D' 'I' @908  32867 (8063)
 - public static final 'GL_PROXY_TEXTURE_2D' 'I' @912  32868 (8064)
 - public static final 'GL_TEXTURE_BINDING_1D' 'I' @916  32872 (8068)
 - public static final 'GL_TEXTURE_BINDING_2D' 'I' @920  32873 (8069)
 - public static final 'GL_VERTEX_ARRAY' 'I' @924  32884 (8074)
R12=0x0 is NULL
R13={method} {0x000001727bf93518} 'nglGetString' '(I)J' in 'org/lwjgl/opengl/GL11C'
R14=0x0000005359cfec30 is pointing into the stack for thread: 0x00000172148c0620
R15=0x00000172148c0620 is a thread


Top of Stack: (sp=0x0000005359cfeb98)
0x0000005359cfeb98:   00000172239ed5d6 000001727bf93510
0x0000005359cfeba8:   0000000000000000 000001727bf935e8
0x0000005359cfebb8:   00000172148c0620 00000172239ed2b6
0x0000005359cfebc8:   0000005359cfebc8 000001727bf93510
0x0000005359cfebd8:   0000005359cfec30 000001727bf9b358
0x0000005359cfebe8:   0000000000000000 0000000712097550
0x0000005359cfebf8:   000001727bf93510 0000000000000000
0x0000005359cfec08:   0000005359cfec30 0000005359cfec80
0x0000005359cfec18:   00000172239e95bf 0000000712097550
0x0000005359cfec28:   00000172239eaf56 0000000000001f01
0x0000005359cfec38:   0000005359cfec38 000001727bf935a9
0x0000005359cfec48:   0000005359cfeca0 000001727bf9b358
0x0000005359cfec58:   0000000000000000 0000000712097550
0x0000005359cfec68:   000001727bf935e8 0000005359cfec30
0x0000005359cfec78:   0000005359cfeca0 0000005359cfecf0
0x0000005359cfec88:   00000172239e9649 0000000000000000 

Instructions: (pc=0x00007ffc1edac857)
0x00007ffc1edac757:   8b c8 4c 8b 50 18 49 ff a2 d8 02 00 00 cc cc cc
0x00007ffc1edac767:   cc cc cc cc cc cc cc cc cc 48 8b 01 49 8b d1 41
0x00007ffc1edac777:   8b c8 4c 8b 50 18 49 ff a2 e0 02 00 00 cc cc cc
0x00007ffc1edac787:   cc cc cc cc cc cc cc cc cc 48 8b 01 49 8b d1 41
0x00007ffc1edac797:   8b c8 4c 8b 50 18 49 ff a2 f0 02 00 00 cc cc cc
0x00007ffc1edac7a7:   cc cc cc cc cc cc cc cc cc 48 8b 01 49 8b d1 41
0x00007ffc1edac7b7:   8b c8 4c 8b 50 18 49 ff a2 f8 02 00 00 cc cc cc
0x00007ffc1edac7c7:   cc cc cc cc cc cc cc cc cc 48 8b 01 49 8b d1 41
0x00007ffc1edac7d7:   8b c8 4c 8b 50 18 49 ff a2 00 03 00 00 cc cc cc
0x00007ffc1edac7e7:   cc cc cc cc cc cc cc cc cc 48 8b 01 49 8b d1 41
0x00007ffc1edac7f7:   8b c8 4c 8b 50 18 49 ff a2 08 03 00 00 cc cc cc
0x00007ffc1edac807:   cc cc cc cc cc cc cc cc cc 48 8b 01 48 8b 48 18
0x00007ffc1edac817:   48 8b 81 10 03 00 00 48 ff e0 cc cc cc cc cc cc
0x00007ffc1edac827:   cc cc cc cc cc cc cc cc cc 48 8b 01 49 8b d1 41
0x00007ffc1edac837:   8b c8 4c 8b 50 18 49 ff a2 68 03 00 00 cc cc cc
0x00007ffc1edac847:   cc cc cc cc cc cc cc cc cc 48 8b 01 48 8b 48 18
0x00007ffc1edac857:   48 8b 81 78 03 00 00 41 8b c8 48 ff e0 cc cc cc
0x00007ffc1edac867:   cc cc cc cc cc cc cc cc cc 40 53 48 8b 01 41 8b
0x00007ffc1edac877:   d8 44 8b 44 24 30 41 8b d1 44 8b 4c 24 38 8b cb
0x00007ffc1edac887:   4c 8b 50 18 48 8b 44 24 40 48 89 44 24 30 5b 49
0x00007ffc1edac897:   ff a2 a8 03 00 00 cc cc cc 40 53 48 8b 01 41 8b
0x00007ffc1edac8a7:   d8 44 8b 44 24 30 41 8b d1 4c 8b 4c 24 38 8b cb
0x00007ffc1edac8b7:   4c 8b 50 18 5b 49 ff a2 b0 03 00 00 cc cc cc cc
0x00007ffc1edac8c7:   cc cc cc cc cc cc cc cc cc 40 53 48 8b 01 41 8b
0x00007ffc1edac8d7:   d8 44 8b 44 24 30 41 8b d1 4c 8b 4c 24 38 8b cb
0x00007ffc1edac8e7:   4c 8b 50 18 5b 49 ff a2 b8 03 00 00 cc cc cc cc
0x00007ffc1edac8f7:   cc cc cc cc cc cc cc cc cc 48 8b 01 45 8b d8 4c
0x00007ffc1edac907:   8b 44 24 28 41 8b d1 41 8b cb 4c 8b 50 18 49 ff
0x00007ffc1edac917:   a2 c0 03 00 00 cc cc cc cc 48 8b 01 45 8b d8 4c
0x00007ffc1edac927:   8b 44 24 28 41 8b d1 41 8b cb 4c 8b 50 18 49 ff
0x00007ffc1edac937:   a2 c8 03 00 00 cc cc cc cc 48 8b 01 41 8b d1 41
0x00007ffc1edac947:   8b c8 4c 8b 50 18 49 ff a2 d0 03 00 00 cc cc cc 


Stack slot to memory mapping:
stack at sp + 0 slots: 0x00000172239ed5d6 is at code_begin+982 in an Interpreter codelet
method entry point (kind = native)  [0x00000172239ed200, 0x00000172239edb60]  2400 bytes
stack at sp + 1 slots: {method} {0x000001727bf93518} 'nglGetString' '(I)J' in 'org/lwjgl/opengl/GL11C'
stack at sp + 2 slots: 0x0 is NULL
stack at sp + 3 slots: {method} {0x000001727bf935f0} 'glGetString' '(I)Ljava/lang/String;' in 'org/lwjgl/opengl/GL11C'
stack at sp + 4 slots: 0x00000172148c0620 is a thread
stack at sp + 5 slots: 0x00000172239ed2b6 is at code_begin+182 in an Interpreter codelet
method entry point (kind = native)  [0x00000172239ed200, 0x00000172239edb60]  2400 bytes
stack at sp + 6 slots: 0x0000005359cfebc8 is pointing into the stack for thread: 0x00000172148c0620
stack at sp + 7 slots: {method} {0x000001727bf93518} 'nglGetString' '(I)J' in 'org/lwjgl/opengl/GL11C'


---------------  P R O C E S S  ---------------

Threads class SMR info:
_java_thread_list=0x000001727e85d6b0, length=19, elements={
0x00000172148c0620, 0x0000017237b61570, 0x0000017237b623f0, 0x0000017237b7a790,
0x0000017237b7c360, 0x0000017237b7ee30, 0x0000017237b7f7f0, 0x000001723827a3a0,
0x0000017237b866d0, 0x0000017237b8d000, 0x00000172383e0a50, 0x000001723885fd70,
0x000001727e0ce630, 0x000001727fa6d720, 0x000001727f5455a0, 0x000001727ed33570,
0x000001727fb14e30, 0x000001727e8a8cc0, 0x000001727e8a87b0
}

Java Threads: ( => current thread )
=>0x00000172148c0620 JavaThread "Client thread" [_thread_in_native, id=6168, stack(0x0000005359c00000,0x0000005359d00000)]
  0x0000017237b61570 JavaThread "Reference Handler" daemon [_thread_blocked, id=13700, stack(0x000000535a300000,0x000000535a400000)]
  0x0000017237b623f0 JavaThread "Finalizer" daemon [_thread_blocked, id=9320, stack(0x000000535a400000,0x000000535a500000)]
  0x0000017237b7a790 JavaThread "Signal Dispatcher" daemon [_thread_blocked, id=10152, stack(0x000000535a500000,0x000000535a600000)]
  0x0000017237b7c360 JavaThread "Attach Listener" daemon [_thread_blocked, id=13196, stack(0x000000535a600000,0x000000535a700000)]
  0x0000017237b7ee30 JavaThread "Service Thread" daemon [_thread_blocked, id=14788, stack(0x000000535a700000,0x000000535a800000)]
  0x0000017237b7f7f0 JavaThread "Monitor Deflation Thread" daemon [_thread_blocked, id=3884, stack(0x000000535a800000,0x000000535a900000)]
  0x000001723827a3a0 JavaThread "C2 CompilerThread0" daemon [_thread_blocked, id=4176, stack(0x000000535a900000,0x000000535aa00000)]
  0x0000017237b866d0 JavaThread "C1 CompilerThread0" daemon [_thread_blocked, id=11608, stack(0x000000535aa00000,0x000000535ab00000)]
  0x0000017237b8d000 JavaThread "Sweeper thread" daemon [_thread_blocked, id=9180, stack(0x000000535ab00000,0x000000535ac00000)]
  0x00000172383e0a50 JavaThread "Common-Cleaner" daemon [_thread_blocked, id=3636, stack(0x000000535ac00000,0x000000535ad00000)]
  0x000001723885fd70 JavaThread "Monitor Ctrl-Break" daemon [_thread_in_native, id=1068, stack(0x000000535ae00000,0x000000535af00000)]
  0x000001727e0ce630 JavaThread "Notification Thread" daemon [_thread_blocked, id=6080, stack(0x000000535af00000,0x000000535b000000)]
  0x000001727fa6d720 JavaThread "RMI TCP Accept-0" daemon [_thread_in_native, id=14800, stack(0x000000535ba00000,0x000000535bb00000)]
  0x000001727f5455a0 JavaThread "RMI TCP Connection(1)-26.244.14.209" daemon [_thread_in_native, id=3976, stack(0x000000535bb00000,0x000000535bc00000)]
  0x000001727ed33570 JavaThread "RMI Scheduler(0)" daemon [_thread_blocked, id=10684, stack(0x000000535bc00000,0x000000535bd00000)]
  0x000001727fb14e30 JavaThread "JMX server connection timeout 21" daemon [_thread_blocked, id=14120, stack(0x000000535bd00000,0x000000535be00000)]
  0x000001727e8a8cc0 JavaThread "Snooper Timer" daemon [_thread_blocked, id=13732, stack(0x000000535c000000,0x000000535c100000)]
  0x000001727e8a87b0 JavaThread "JavaCPP Deallocator" daemon [_thread_blocked, id=14308, stack(0x000000535ad00000,0x000000535ae00000)]

Other Threads:
  0x0000017237b5b960 VMThread "VM Thread" [stack: 0x000000535a200000,0x000000535a300000] [id=8076]
  0x0000017214949f10 WatcherThread [stack: 0x000000535b000000,0x000000535b100000] [id=11504]
  0x000001721492c030 GCTaskThread "GC Thread#0" [stack: 0x0000005359d00000,0x0000005359e00000] [id=10012]
  0x000001727ee21960 GCTaskThread "GC Thread#1" [stack: 0x000000535b200000,0x000000535b300000] [id=13408]
  0x000001727e50e440 GCTaskThread "GC Thread#2" [stack: 0x000000535b300000,0x000000535b400000] [id=3836]
  0x000001727efc5850 GCTaskThread "GC Thread#3" [stack: 0x000000535b400000,0x000000535b500000] [id=11280]
  0x000001727efc5b10 GCTaskThread "GC Thread#4" [stack: 0x000000535b500000,0x000000535b600000] [id=13420]
  0x000001727efc5dd0 GCTaskThread "GC Thread#5" [stack: 0x000000535b600000,0x000000535b700000] [id=7188]
  0x000001727f0a0000 GCTaskThread "GC Thread#6" [stack: 0x000000535b700000,0x000000535b800000] [id=16156]
  0x000001727f0b1cb0 GCTaskThread "GC Thread#7" [stack: 0x000000535b800000,0x000000535b900000] [id=10192]
  0x000001721493ced0 ConcurrentGCThread "G1 Main Marker" [stack: 0x0000005359e00000,0x0000005359f00000] [id=15656]
  0x000001721493f090 ConcurrentGCThread "G1 Conc#0" [stack: 0x0000005359f00000,0x000000535a000000] [id=13684]
  0x000001727ec570a0 ConcurrentGCThread "G1 Conc#1" [stack: 0x000000535c100000,0x000000535c200000] [id=6148]
  0x0000017237a96870 ConcurrentGCThread "G1 Refine#0" [stack: 0x000000535a000000,0x000000535a100000] [id=15052]
  0x000001727e51b240 ConcurrentGCThread "G1 Refine#1" [stack: 0x000000535b900000,0x000000535ba00000] [id=8044]
  0x0000017237a972a0 ConcurrentGCThread "G1 Service" [stack: 0x000000535a100000,0x000000535a200000] [id=2824]

Threads with active compile tasks:

VM state: not at safepoint (normal execution)

VM Mutex/Monitor currently owned by a thread: None

Heap address: 0x0000000700a00000, size: 4086 MB, Compressed Oops mode: Zero based, Oop shift amount: 3

CDS archive(s) mapped at: [0x0000017239000000-0x0000017239bd0000-0x0000017239bd0000), size 12386304, SharedBaseAddress: 0x0000017239000000, ArchiveRelocationMode: 1.
Compressed class space mapped at: 0x000001723a000000-0x000001727a000000, reserved size: 1073741824
Narrow klass base: 0x0000017239000000, Narrow klass shift: 0, Narrow klass range: 0x100000000

GC Precious Log:
 CPUs: 8 total, 8 available
 Memory: 16337M
 Large Page Support: Disabled
 NUMA Support: Disabled
 Compressed Oops: Enabled (Zero based)
 Heap Region Size: 2M
 Heap Min Capacity: 8M
 Heap Initial Capacity: 256M
 Heap Max Capacity: 4086M
 Pre-touch: Disabled
 Parallel Workers: 8
 Concurrent Workers: 2
 Concurrent Refinement Workers: 8
 Periodic GC: Disabled

Heap:
 garbage-first heap   total 184320K, used 50063K [0x0000000700a00000, 0x0000000800000000)
  region size 2048K, 7 young (14336K), 6 survivors (12288K)
 Metaspace       used 36114K, committed 36480K, reserved 1114112K
  class space    used 4492K, committed 4672K, reserved 1048576K

Heap Regions: E=young(eden), S=young(survivor), O=old, HS=humongous(starts), HC=humongous(continues), CS=collection set, F=free, OA=open archive, CA=closed archive, TAMS=top-at-mark-start (previous, next)
|   0|0x0000000700a00000, 0x0000000700c00000, 0x0000000700c00000|100%|HS|  |TAMS 0x0000000700c00000, 0x0000000700a00000| Complete 
|   1|0x0000000700c00000, 0x0000000700e00000, 0x0000000700e00000|100%| O|  |TAMS 0x0000000700e00000, 0x0000000700c00000| Untracked 
|   2|0x0000000700e00000, 0x0000000701000000, 0x0000000701000000|100%| O|  |TAMS 0x0000000701000000, 0x0000000700e00000| Untracked 
|   3|0x0000000701000000, 0x0000000701200000, 0x0000000701200000|100%| O|  |TAMS 0x0000000701200000, 0x0000000701000000| Untracked 
|   4|0x0000000701200000, 0x0000000701400000, 0x0000000701400000|100%| O|  |TAMS 0x0000000701400000, 0x0000000701200000| Untracked 
|   5|0x0000000701400000, 0x0000000701600000, 0x0000000701600000|100%| O|  |TAMS 0x0000000701600000, 0x0000000701400000| Untracked 
|   6|0x0000000701600000, 0x0000000701800000, 0x0000000701800000|100%|HS|  |TAMS 0x0000000701800000, 0x0000000701600000| Complete 
|   7|0x0000000701800000, 0x0000000701a00000, 0x0000000701a00000|100%|HC|  |TAMS 0x0000000701a00000, 0x0000000701800000| Complete 
|   8|0x0000000701a00000, 0x0000000701c00000, 0x0000000701c00000|100%|HC|  |TAMS 0x0000000701c00000, 0x0000000701a00000| Complete 
|   9|0x0000000701c00000, 0x0000000701e00000, 0x0000000701e00000|100%|HC|  |TAMS 0x0000000701e00000, 0x0000000701c00000| Complete 
|  10|0x0000000701e00000, 0x0000000702000000, 0x0000000702000000|100%|HC|  |TAMS 0x0000000702000000, 0x0000000701e00000| Complete 
|  11|0x0000000702000000, 0x0000000702200000, 0x0000000702200000|100%|HC|  |TAMS 0x0000000702200000, 0x0000000702000000| Complete 
|  12|0x0000000702200000, 0x0000000702400000, 0x0000000702400000|100%| O|  |TAMS 0x0000000702400000, 0x0000000702200000| Untracked 
|  13|0x0000000702400000, 0x0000000702600000, 0x0000000702600000|100%| O|  |TAMS 0x0000000702600000, 0x0000000702400000| Untracked 
|  14|0x0000000702600000, 0x0000000702800000, 0x0000000702800000|100%| O|  |TAMS 0x0000000702800000, 0x0000000702600000| Untracked 
|  15|0x0000000702800000, 0x0000000702835400, 0x0000000702a00000| 10%| O|  |TAMS 0x0000000702835400, 0x0000000702800000| Untracked 
|  16|0x0000000702a00000, 0x0000000702a00000, 0x0000000702c00000|  0%| F|  |TAMS 0x0000000702a00000, 0x0000000702a00000| Untracked 
|  17|0x0000000702c00000, 0x0000000702c00000, 0x0000000702e00000|  0%| F|  |TAMS 0x0000000702c00000, 0x0000000702c00000| Untracked 
|  18|0x0000000702e00000, 0x0000000702e00000, 0x0000000703000000|  0%| F|  |TAMS 0x0000000702e00000, 0x0000000702e00000| Untracked 
|  19|0x0000000703000000, 0x0000000703000000, 0x0000000703200000|  0%| F|  |TAMS 0x0000000703000000, 0x0000000703000000| Untracked 
|  20|0x0000000703200000, 0x0000000703200000, 0x0000000703400000|  0%| F|  |TAMS 0x0000000703200000, 0x0000000703200000| Untracked 
|  21|0x0000000703400000, 0x0000000703400000, 0x0000000703600000|  0%| F|  |TAMS 0x0000000703400000, 0x0000000703400000| Untracked 
|  22|0x0000000703600000, 0x0000000703800000, 0x0000000703800000|100%| O|  |TAMS 0x0000000703800000, 0x0000000703600000| Untracked 
|  23|0x0000000703800000, 0x0000000703a00000, 0x0000000703a00000|100%| O|  |TAMS 0x0000000703a00000, 0x0000000703800000| Untracked 
|  24|0x0000000703a00000, 0x0000000703c00000, 0x0000000703c00000|100%| O|  |TAMS 0x0000000703c00000, 0x0000000703a00000| Untracked 
|  25|0x0000000703c00000, 0x0000000703e00000, 0x0000000703e00000|100%| O|  |TAMS 0x0000000703e00000, 0x0000000703c00000| Untracked 
|  26|0x0000000703e00000, 0x0000000703e00000, 0x0000000704000000|  0%| F|  |TAMS 0x0000000703e00000, 0x0000000703e00000| Untracked 
|  27|0x0000000704000000, 0x0000000704000000, 0x0000000704200000|  0%| F|  |TAMS 0x0000000704000000, 0x0000000704000000| Untracked 
|  28|0x0000000704200000, 0x0000000704200000, 0x0000000704400000|  0%| F|  |TAMS 0x0000000704200000, 0x0000000704200000| Untracked 
|  29|0x0000000704400000, 0x0000000704400000, 0x0000000704600000|  0%| F|  |TAMS 0x0000000704400000, 0x0000000704400000| Untracked 
|  30|0x0000000704600000, 0x0000000704600000, 0x0000000704800000|  0%| F|  |TAMS 0x0000000704600000, 0x0000000704600000| Untracked 
|  31|0x0000000704800000, 0x0000000704800000, 0x0000000704a00000|  0%| F|  |TAMS 0x0000000704800000, 0x0000000704800000| Untracked 
|  32|0x0000000704a00000, 0x0000000704a00000, 0x0000000704c00000|  0%| F|  |TAMS 0x0000000704a00000, 0x0000000704a00000| Untracked 
|  33|0x0000000704c00000, 0x0000000704c00000, 0x0000000704e00000|  0%| F|  |TAMS 0x0000000704c00000, 0x0000000704c00000| Untracked 
|  34|0x0000000704e00000, 0x0000000704e00000, 0x0000000705000000|  0%| F|  |TAMS 0x0000000704e00000, 0x0000000704e00000| Untracked 
|  35|0x0000000705000000, 0x0000000705000000, 0x0000000705200000|  0%| F|  |TAMS 0x0000000705000000, 0x0000000705000000| Untracked 
|  36|0x0000000705200000, 0x0000000705200000, 0x0000000705400000|  0%| F|  |TAMS 0x0000000705200000, 0x0000000705200000| Untracked 
|  37|0x0000000705400000, 0x0000000705400000, 0x0000000705600000|  0%| F|  |TAMS 0x0000000705400000, 0x0000000705400000| Untracked 
|  38|0x0000000705600000, 0x0000000705600000, 0x0000000705800000|  0%| F|  |TAMS 0x0000000705600000, 0x0000000705600000| Untracked 
|  39|0x0000000705800000, 0x0000000705800000, 0x0000000705a00000|  0%| F|  |TAMS 0x0000000705800000, 0x0000000705800000| Untracked 
|  40|0x0000000705a00000, 0x0000000705a00000, 0x0000000705c00000|  0%| F|  |TAMS 0x0000000705a00000, 0x0000000705a00000| Untracked 
|  41|0x0000000705c00000, 0x0000000705c00000, 0x0000000705e00000|  0%| F|  |TAMS 0x0000000705c00000, 0x0000000705c00000| Untracked 
|  42|0x0000000705e00000, 0x0000000705e00000, 0x0000000706000000|  0%| F|  |TAMS 0x0000000705e00000, 0x0000000705e00000| Untracked 
|  43|0x0000000706000000, 0x0000000706000000, 0x0000000706200000|  0%| F|  |TAMS 0x0000000706000000, 0x0000000706000000| Untracked 
|  44|0x0000000706200000, 0x0000000706200000, 0x0000000706400000|  0%| F|  |TAMS 0x0000000706200000, 0x0000000706200000| Untracked 
|  45|0x0000000706400000, 0x0000000706400000, 0x0000000706600000|  0%| F|  |TAMS 0x0000000706400000, 0x0000000706400000| Untracked 
|  46|0x0000000706600000, 0x0000000706600000, 0x0000000706800000|  0%| F|  |TAMS 0x0000000706600000, 0x0000000706600000| Untracked 
|  47|0x0000000706800000, 0x0000000706800000, 0x0000000706a00000|  0%| F|  |TAMS 0x0000000706800000, 0x0000000706800000| Untracked 
|  48|0x0000000706a00000, 0x0000000706a00000, 0x0000000706c00000|  0%| F|  |TAMS 0x0000000706a00000, 0x0000000706a00000| Untracked 
|  49|0x0000000706c00000, 0x0000000706c00000, 0x0000000706e00000|  0%| F|  |TAMS 0x0000000706c00000, 0x0000000706c00000| Untracked 
|  50|0x0000000706e00000, 0x0000000706e00000, 0x0000000707000000|  0%| F|  |TAMS 0x0000000706e00000, 0x0000000706e00000| Untracked 
|  51|0x0000000707000000, 0x0000000707000000, 0x0000000707200000|  0%| F|  |TAMS 0x0000000707000000, 0x0000000707000000| Untracked 
|  52|0x0000000707200000, 0x0000000707200000, 0x0000000707400000|  0%| F|  |TAMS 0x0000000707200000, 0x0000000707200000| Untracked 
|  53|0x0000000707400000, 0x0000000707400000, 0x0000000707600000|  0%| F|  |TAMS 0x0000000707400000, 0x0000000707400000| Untracked 
|  54|0x0000000707600000, 0x0000000707600000, 0x0000000707800000|  0%| F|  |TAMS 0x0000000707600000, 0x0000000707600000| Untracked 
|  55|0x0000000707800000, 0x0000000707800000, 0x0000000707a00000|  0%| F|  |TAMS 0x0000000707800000, 0x0000000707800000| Untracked 
|  56|0x0000000707a00000, 0x0000000707a00000, 0x0000000707c00000|  0%| F|  |TAMS 0x0000000707a00000, 0x0000000707a00000| Untracked 
|  57|0x0000000707c00000, 0x0000000707c00000, 0x0000000707e00000|  0%| F|  |TAMS 0x0000000707c00000, 0x0000000707c00000| Untracked 
|  58|0x0000000707e00000, 0x0000000707e00000, 0x0000000708000000|  0%| F|  |TAMS 0x0000000707e00000, 0x0000000707e00000| Untracked 
|  59|0x0000000708000000, 0x0000000708000000, 0x0000000708200000|  0%| F|  |TAMS 0x0000000708000000, 0x0000000708000000| Untracked 
|  60|0x0000000708200000, 0x0000000708200000, 0x0000000708400000|  0%| F|  |TAMS 0x0000000708200000, 0x0000000708200000| Untracked 
|  61|0x0000000708400000, 0x0000000708400000, 0x0000000708600000|  0%| F|  |TAMS 0x0000000708400000, 0x0000000708400000| Untracked 
|  62|0x0000000708600000, 0x0000000708600000, 0x0000000708800000|  0%| F|  |TAMS 0x0000000708600000, 0x0000000708600000| Untracked 
|  63|0x0000000708800000, 0x0000000708800000, 0x0000000708a00000|  0%| F|  |TAMS 0x0000000708800000, 0x0000000708800000| Untracked 
|  64|0x0000000708a00000, 0x0000000708a00000, 0x0000000708c00000|  0%| F|  |TAMS 0x0000000708a00000, 0x0000000708a00000| Untracked 
|  65|0x0000000708c00000, 0x0000000708c00000, 0x0000000708e00000|  0%| F|  |TAMS 0x0000000708c00000, 0x0000000708c00000| Untracked 
|  66|0x0000000708e00000, 0x0000000708e00000, 0x0000000709000000|  0%| F|  |TAMS 0x0000000708e00000, 0x0000000708e00000| Untracked 
|  67|0x0000000709000000, 0x0000000709000000, 0x0000000709200000|  0%| F|  |TAMS 0x0000000709000000, 0x0000000709000000| Untracked 
|  68|0x0000000709200000, 0x0000000709200000, 0x0000000709400000|  0%| F|  |TAMS 0x0000000709200000, 0x0000000709200000| Untracked 
|  69|0x0000000709400000, 0x0000000709400000, 0x0000000709600000|  0%| F|  |TAMS 0x0000000709400000, 0x0000000709400000| Untracked 
|  70|0x0000000709600000, 0x0000000709600000, 0x0000000709800000|  0%| F|  |TAMS 0x0000000709600000, 0x0000000709600000| Untracked 
|  71|0x0000000709800000, 0x0000000709800000, 0x0000000709a00000|  0%| F|  |TAMS 0x0000000709800000, 0x0000000709800000| Untracked 
|  72|0x0000000709a00000, 0x0000000709a00000, 0x0000000709c00000|  0%| F|  |TAMS 0x0000000709a00000, 0x0000000709a00000| Untracked 
|  73|0x0000000709c00000, 0x0000000709c00000, 0x0000000709e00000|  0%| F|  |TAMS 0x0000000709c00000, 0x0000000709c00000| Untracked 
|  74|0x0000000709e00000, 0x0000000709e00000, 0x000000070a000000|  0%| F|  |TAMS 0x0000000709e00000, 0x0000000709e00000| Untracked 
|  75|0x000000070a000000, 0x000000070a000000, 0x000000070a200000|  0%| F|  |TAMS 0x000000070a000000, 0x000000070a000000| Untracked 
|  76|0x000000070a200000, 0x000000070a200000, 0x000000070a400000|  0%| F|  |TAMS 0x000000070a200000, 0x000000070a200000| Untracked 
|  77|0x000000070a400000, 0x000000070a400000, 0x000000070a600000|  0%| F|  |TAMS 0x000000070a400000, 0x000000070a400000| Untracked 
|  78|0x000000070a600000, 0x000000070a600000, 0x000000070a800000|  0%| F|  |TAMS 0x000000070a600000, 0x000000070a600000| Untracked 
|  79|0x000000070a800000, 0x000000070a800000, 0x000000070aa00000|  0%| F|  |TAMS 0x000000070a800000, 0x000000070a800000| Untracked 
|  80|0x000000070aa00000, 0x000000070aa00000, 0x000000070ac00000|  0%| F|  |TAMS 0x000000070aa00000, 0x000000070aa00000| Untracked 
|  81|0x000000070ac00000, 0x000000070ac00000, 0x000000070ae00000|  0%| F|  |TAMS 0x000000070ac00000, 0x000000070ac00000| Untracked 
|  82|0x000000070ae00000, 0x000000070ae00000, 0x000000070b000000|  0%| F|  |TAMS 0x000000070ae00000, 0x000000070ae00000| Untracked 
| 131|0x0000000711000000, 0x00000007110aead0, 0x0000000711200000| 34%| S|CS|TAMS 0x0000000711000000, 0x0000000711000000| Complete 
| 132|0x0000000711200000, 0x0000000711400000, 0x0000000711400000|100%| S|CS|TAMS 0x0000000711200000, 0x0000000711200000| Complete 
| 133|0x0000000711400000, 0x0000000711600000, 0x0000000711600000|100%| S|CS|TAMS 0x0000000711400000, 0x0000000711400000| Complete 
| 134|0x0000000711600000, 0x0000000711800000, 0x0000000711800000|100%| S|CS|TAMS 0x0000000711600000, 0x0000000711600000| Complete 
| 135|0x0000000711800000, 0x0000000711a00000, 0x0000000711a00000|100%| S|CS|TAMS 0x0000000711800000, 0x0000000711800000| Complete 
| 136|0x0000000711a00000, 0x0000000711c00000, 0x0000000711c00000|100%| S|CS|TAMS 0x0000000711a00000, 0x0000000711a00000| Complete 
| 139|0x0000000712000000, 0x0000000712100000, 0x0000000712200000| 50%| E|  |TAMS 0x0000000712000000, 0x0000000712000000| Complete 

Card table byte_map: [0x000001722c720000,0x000001722cf20000] _byte_map_base: 0x0000017228f1b000

Marking Bits (Prev, Next): (CMBitMap*) 0x000001721492c650, (CMBitMap*) 0x000001721492c690
 Prev Bits: [0x000001722d720000, 0x00000172316f8000)
 Next Bits: [0x0000017231700000, 0x00000172356d8000)

Polling page: 0x0000017213000000

Metaspace:

Usage:
  Non-class:     30.88 MB used.
      Class:      4.39 MB used.
       Both:     35.27 MB used.

Virtual space:
  Non-class space:       64.00 MB reserved,      31.06 MB ( 49%) committed,  1 nodes.
      Class space:        1.00 GB reserved,       4.56 MB ( <1%) committed,  1 nodes.
             Both:        1.06 GB reserved,      35.62 MB (  3%) committed. 

Chunk freelists:
   Non-Class:  384.00 KB
       Class:  11.44 MB
        Both:  11.82 MB

MaxMetaspaceSize: unlimited
CompressedClassSpaceSize: 1.00 GB
Initial GC threshold: 21.00 MB
Current GC threshold: 59.31 MB
CDS: on
MetaspaceReclaimPolicy: balanced
 - commit_granule_bytes: 65536.
 - commit_granule_words: 8192.
 - virtual_space_node_default_size: 8388608.
 - enlarge_chunks_in_place: 1.
 - new_chunks_are_fully_committed: 0.
 - uncommit_free_chunks: 1.
 - use_allocation_guard: 0.
 - handle_deallocations: 1.


Internal statistics:

num_allocs_failed_limit: 6.
num_arena_births: 432.
num_arena_deaths: 0.
num_vsnodes_births: 2.
num_vsnodes_deaths: 0.
num_space_committed: 570.
num_space_uncommitted: 0.
num_chunks_returned_to_freelist: 6.
num_chunks_taken_from_freelist: 1422.
num_chunk_merges: 6.
num_chunk_splits: 952.
num_chunks_enlarged: 642.
num_inconsistent_stats: 0.

CodeHeap 'non-profiled nmethods': size=120000Kb used=2672Kb max_used=2672Kb free=117328Kb
 bounds [0x0000017223f80000, 0x0000017224220000, 0x000001722b4b0000]
CodeHeap 'profiled nmethods': size=120000Kb used=8019Kb max_used=8019Kb free=111980Kb
 bounds [0x000001721c4b0000, 0x000001721cc90000, 0x00000172239e0000]
CodeHeap 'non-nmethods': size=5760Kb used=1798Kb max_used=1832Kb free=3962Kb
 bounds [0x00000172239e0000, 0x0000017223c50000, 0x0000017223f80000]
 total_blobs=5276 nmethods=4006 adapters=1182
 compilation: enabled
              stopped_count=0, restarted_count=0
 full_count=0

Compilation events (20 events):
Event: 11.932 Thread 0x0000017237b866d0 3995       3       jdk.internal.misc.InnocuousThread::eraseThreadLocals (23 bytes)
Event: 11.932 Thread 0x0000017237b866d0 nmethod 3995 0x000001721cc7fc90 code [0x000001721cc7fe20, 0x000001721cc80018]
Event: 11.941 Thread 0x0000017237b866d0 3996       3       java.util.HashMap::putVal (300 bytes)
Event: 11.942 Thread 0x0000017237b866d0 nmethod 3996 0x000001721cc80090 code [0x000001721cc80340, 0x000001721cc81538]
Event: 11.943 Thread 0x0000017237b866d0 3997       3       java.io.InputStream::read (9 bytes)
Event: 11.943 Thread 0x0000017237b866d0 nmethod 3997 0x000001721cc81a10 code [0x000001721cc81bc0, 0x000001721cc81da8]
Event: 11.946 Thread 0x0000017237b866d0 3999       2       sun.nio.ch.Util::getTemporaryDirectBuffer (55 bytes)
Event: 11.946 Thread 0x0000017237b866d0 nmethod 3999 0x000001721cc81e90 code [0x000001721cc820a0, 0x000001721cc824c8]
Event: 11.947 Thread 0x0000017237b866d0 4000   !   3       sun.nio.ch.ChannelInputStream::read (95 bytes)
Event: 11.948 Thread 0x0000017237b866d0 nmethod 4000 0x000001721cc82710 code [0x000001721cc82940, 0x000001721cc832a8]
Event: 11.948 Thread 0x0000017237b866d0 4001       3       sun.nio.fs.WindowsPathParser::parse (6 bytes)
Event: 11.948 Thread 0x0000017237b866d0 nmethod 4001 0x000001721cc83610 code [0x000001721cc837a0, 0x000001721cc838c8]
Event: 11.948 Thread 0x0000017237b866d0 4002       3       sun.nio.fs.WindowsPath::parse (26 bytes)
Event: 11.949 Thread 0x0000017237b866d0 nmethod 4002 0x000001721cc83990 code [0x000001721cc83b60, 0x000001721cc84028]
Event: 11.955 Thread 0x0000017237b866d0 4003       3       java.nio.ByteBuffer::order (48 bytes)
Event: 11.956 Thread 0x0000017237b866d0 nmethod 4003 0x000001721cc84190 code [0x000001721cc84340, 0x000001721cc84578]
Event: 11.956 Thread 0x0000017237b866d0 4004       3       sun.misc.Unsafe::putLong (11 bytes)
Event: 11.956 Thread 0x0000017237b866d0 nmethod 4004 0x000001721cc84610 code [0x000001721cc847a0, 0x000001721cc848b8]
Event: 11.956 Thread 0x0000017237b866d0 4005       3       org.lwjgl.system.MemoryUtil::memPutAddress (29 bytes)
Event: 11.956 Thread 0x0000017237b866d0 nmethod 4005 0x000001721cc84990 code [0x000001721cc84b40, 0x000001721cc84d38]

GC Heap History (20 events):
Event: 1.348 GC heap before
{Heap before GC invocations=1 (full 0):
 garbage-first heap   total 262144K, used 26789K [0x0000000700a00000, 0x0000000800000000)
  region size 2048K, 10 young (20480K), 2 survivors (4096K)
 Metaspace       used 9263K, committed 9536K, reserved 1114112K
  class space    used 1109K, committed 1216K, reserved 1048576K
}
Event: 1.352 GC heap after
{Heap after GC invocations=2 (full 0):
 garbage-first heap   total 262144K, used 11642K [0x0000000700a00000, 0x0000000800000000)
  region size 2048K, 1 young (2048K), 1 survivors (2048K)
 Metaspace       used 9263K, committed 9536K, reserved 1114112K
  class space    used 1109K, committed 1216K, reserved 1048576K
}
Event: 2.553 GC heap before
{Heap before GC invocations=2 (full 0):
 garbage-first heap   total 262144K, used 64890K [0x0000000700a00000, 0x0000000800000000)
  region size 2048K, 22 young (45056K), 1 survivors (2048K)
 Metaspace       used 21201K, committed 21504K, reserved 1114112K
  class space    used 2416K, committed 2560K, reserved 1048576K
}
Event: 2.558 GC heap after
{Heap after GC invocations=3 (full 0):
 garbage-first heap   total 262144K, used 29151K [0x0000000700a00000, 0x0000000800000000)
  region size 2048K, 4 young (8192K), 4 survivors (8192K)
 Metaspace       used 21201K, committed 21504K, reserved 1114112K
  class space    used 2416K, committed 2560K, reserved 1048576K
}
Event: 2.965 GC heap before
{Heap before GC invocations=4 (full 0):
 garbage-first heap   total 116736K, used 90591K [0x0000000700a00000, 0x0000000800000000)
  region size 2048K, 35 young (71680K), 4 survivors (8192K)
 Metaspace       used 22426K, committed 22848K, reserved 1114112K
  class space    used 2615K, committed 2816K, reserved 1048576K
}
Event: 2.977 GC heap after
{Heap after GC invocations=5 (full 0):
 garbage-first heap   total 116736K, used 35991K [0x0000000700a00000, 0x0000000800000000)
  region size 2048K, 7 young (14336K), 7 survivors (14336K)
 Metaspace       used 22426K, committed 22848K, reserved 1114112K
  class space    used 2615K, committed 2816K, reserved 1048576K
}
Event: 2.982 GC heap before
{Heap before GC invocations=5 (full 0):
 garbage-first heap   total 116736K, used 38039K [0x0000000700a00000, 0x0000000800000000)
  region size 2048K, 8 young (16384K), 7 survivors (14336K)
 Metaspace       used 22426K, committed 22848K, reserved 1114112K
  class space    used 2615K, committed 2816K, reserved 1048576K
}
Event: 2.994 GC heap after
{Heap after GC invocations=6 (full 0):
 garbage-first heap   total 116736K, used 37104K [0x0000000700a00000, 0x0000000800000000)
  region size 2048K, 1 young (2048K), 1 survivors (2048K)
 Metaspace       used 22426K, committed 22848K, reserved 1114112K
  class space    used 2615K, committed 2816K, reserved 1048576K
}
Event: 3.255 GC heap before
{Heap before GC invocations=6 (full 0):
 garbage-first heap   total 116736K, used 76016K [0x0000000700a00000, 0x0000000800000000)
  region size 2048K, 20 young (40960K), 1 survivors (2048K)
 Metaspace       used 23319K, committed 23680K, reserved 1114112K
  class space    used 2760K, committed 2944K, reserved 1048576K
}
Event: 3.264 GC heap after
{Heap after GC invocations=7 (full 0):
 garbage-first heap   total 286720K, used 39249K [0x0000000700a00000, 0x0000000800000000)
  region size 2048K, 2 young (4096K), 2 survivors (4096K)
 Metaspace       used 23319K, committed 23680K, reserved 1114112K
  class space    used 2760K, committed 2944K, reserved 1048576K
}
Event: 5.260 GC heap before
{Heap before GC invocations=7 (full 0):
 garbage-first heap   total 286720K, used 201041K [0x0000000700a00000, 0x0000000800000000)
  region size 2048K, 81 young (165888K), 2 survivors (4096K)
 Metaspace       used 29083K, committed 29376K, reserved 1114112K
  class space    used 3635K, committed 3776K, reserved 1048576K
}
Event: 5.304 GC heap after
{Heap after GC invocations=8 (full 0):
 garbage-first heap   total 286720K, used 47865K [0x0000000700a00000, 0x0000000800000000)
  region size 2048K, 7 young (14336K), 7 survivors (14336K)
 Metaspace       used 29083K, committed 29376K, reserved 1114112K
  class space    used 3635K, committed 3776K, reserved 1048576K
}
Event: 6.682 GC heap before
{Heap before GC invocations=8 (full 0):
 garbage-first heap   total 286720K, used 201465K [0x0000000700a00000, 0x0000000800000000)
  region size 2048K, 82 young (167936K), 7 survivors (14336K)
 Metaspace       used 29101K, committed 29440K, reserved 1114112K
  class space    used 3635K, committed 3776K, reserved 1048576K
}
Event: 6.694 GC heap after
{Heap after GC invocations=9 (full 0):
 garbage-first heap   total 286720K, used 48591K [0x0000000700a00000, 0x0000000800000000)
  region size 2048K, 5 young (10240K), 5 survivors (10240K)
 Metaspace       used 29101K, committed 29440K, reserved 1114112K
  class space    used 3635K, committed 3776K, reserved 1048576K
}
Event: 8.758 GC heap before
{Heap before GC invocations=9 (full 0):
 garbage-first heap   total 286720K, used 210383K [0x0000000700a00000, 0x0000000800000000)
  region size 2048K, 84 young (172032K), 5 survivors (10240K)
 Metaspace       used 29115K, committed 29440K, reserved 1114112K
  class space    used 3636K, committed 3776K, reserved 1048576K
}
Event: 8.764 GC heap after
{Heap after GC invocations=10 (full 0):
 garbage-first heap   total 286720K, used 48759K [0x0000000700a00000, 0x0000000800000000)
  region size 2048K, 5 young (10240K), 5 survivors (10240K)
 Metaspace       used 29115K, committed 29440K, reserved 1114112K
  class space    used 3636K, committed 3776K, reserved 1048576K
}
Event: 10.855 GC heap before
{Heap before GC invocations=10 (full 0):
 garbage-first heap   total 286720K, used 210551K [0x0000000700a00000, 0x0000000800000000)
  region size 2048K, 84 young (172032K), 5 survivors (10240K)
 Metaspace       used 33173K, committed 33536K, reserved 1114112K
  class space    used 4172K, committed 4352K, reserved 1048576K
}
Event: 10.861 GC heap after
{Heap after GC invocations=11 (full 0):
 garbage-first heap   total 286720K, used 49094K [0x0000000700a00000, 0x0000000800000000)
  region size 2048K, 5 young (10240K), 5 survivors (10240K)
 Metaspace       used 33173K, committed 33536K, reserved 1114112K
  class space    used 4172K, committed 4352K, reserved 1048576K
}
Event: 11.925 GC heap before
{Heap before GC invocations=11 (full 0):
 garbage-first heap   total 286720K, used 53190K [0x0000000700a00000, 0x0000000800000000)
  region size 2048K, 8 young (16384K), 5 survivors (10240K)
 Metaspace       used 35779K, committed 36160K, reserved 1114112K
  class space    used 4484K, committed 4672K, reserved 1048576K
}
Event: 11.932 GC heap after
{Heap after GC invocations=12 (full 0):
 garbage-first heap   total 286720K, used 50063K [0x0000000700a00000, 0x0000000800000000)
  region size 2048K, 6 young (12288K), 6 survivors (12288K)
 Metaspace       used 35779K, committed 36160K, reserved 1114112K
  class space    used 4484K, committed 4672K, reserved 1048576K
}

Deoptimization events (20 events):
Event: 11.182 Thread 0x00000172148c0620 Uncommon trap: trap_request=0xffffff45 fr.pc=0x000001722404a1e8 relative=0x00000000000004c8
Event: 11.182 Thread 0x00000172148c0620 Uncommon trap: reason=unstable_if action=reinterpret pc=0x000001722404a1e8 method=java.util.StringTokenizer.skipDelimiters(I)I @ 64 c2
Event: 11.182 Thread 0x00000172148c0620 DEOPT PACKING pc=0x000001722404a1e8 sp=0x0000005359cfdf50
Event: 11.182 Thread 0x00000172148c0620 DEOPT UNPACKING pc=0x0000017223a323a3 sp=0x0000005359cfdee0 mode 2
Event: 11.780 Thread 0x00000172148c0620 Uncommon trap: trap_request=0xffffff45 fr.pc=0x00000172240c00e4 relative=0x0000000000000184
Event: 11.780 Thread 0x00000172148c0620 Uncommon trap: reason=unstable_if action=reinterpret pc=0x00000172240c00e4 method=java.util.LinkedHashMap.afterNodeAccess(Ljava/util/HashMap$Node;)V @ 4 c2
Event: 11.780 Thread 0x00000172148c0620 DEOPT PACKING pc=0x00000172240c00e4 sp=0x0000005359cfe1d0
Event: 11.780 Thread 0x00000172148c0620 DEOPT UNPACKING pc=0x0000017223a323a3 sp=0x0000005359cfe0d0 mode 2
Event: 11.881 Thread 0x00000172148c0620 Uncommon trap: trap_request=0xffffff45 fr.pc=0x000001722414b098 relative=0x00000000000000f8
Event: 11.881 Thread 0x00000172148c0620 Uncommon trap: reason=unstable_if action=reinterpret pc=0x000001722414b098 method=java.lang.CharacterDataLatin1.digit(II)I @ 7 c2
Event: 11.881 Thread 0x00000172148c0620 DEOPT PACKING pc=0x000001722414b098 sp=0x0000005359cfe960
Event: 11.881 Thread 0x00000172148c0620 DEOPT UNPACKING pc=0x0000017223a323a3 sp=0x0000005359cfe820 mode 2
Event: 11.895 Thread 0x00000172148c0620 Uncommon trap: trap_request=0xffffff45 fr.pc=0x000001722406ad48 relative=0x0000000000004f48
Event: 11.895 Thread 0x00000172148c0620 Uncommon trap: reason=unstable_if action=reinterpret pc=0x000001722406ad48 method=jdk.internal.org.objectweb.asm.Frame.push(I)V @ 26 c2
Event: 11.895 Thread 0x00000172148c0620 DEOPT PACKING pc=0x000001722406ad48 sp=0x0000005359cfce20
Event: 11.895 Thread 0x00000172148c0620 DEOPT UNPACKING pc=0x0000017223a323a3 sp=0x0000005359cfcd38 mode 2
Event: 11.945 Thread 0x00000172148c0620 Uncommon trap: trap_request=0xffffff45 fr.pc=0x00000172241ec740 relative=0x0000000000000f40
Event: 11.945 Thread 0x00000172148c0620 Uncommon trap: reason=unstable_if action=reinterpret pc=0x00000172241ec740 method=jdk.internal.loader.BuiltinClassLoader$1.hasNext()Z @ 55 c2
Event: 11.945 Thread 0x00000172148c0620 DEOPT PACKING pc=0x00000172241ec740 sp=0x0000005359cfd3a0
Event: 11.945 Thread 0x00000172148c0620 DEOPT UNPACKING pc=0x0000017223a323a3 sp=0x0000005359cfd2c8 mode 2

Classes unloaded (0 events):
No events

Classes redefined (0 events):
No events

Internal exceptions (20 events):
Event: 2.215 Thread 0x00000172148c0620 Exception <a 'java/lang/NoSuchMethodError'{0x000000070e80f1c0}: 'int java.lang.invoke.DirectMethodHandle$Holder.invokeStaticInit(java.lang.Object, java.lang.Object, long, long)'> (0x000000070e80f1c0) 
thrown [s\open\src\hotspot\share\interpreter\linkResolver.cpp, line 759]
Event: 2.215 Thread 0x00000172148c0620 Exception <a 'java/lang/NoSuchMethodError'{0x000000070e814e70}: 'java.lang.Object java.lang.invoke.DirectMethodHandle$Holder.newInvokeSpecial(java.lang.Object, java.lang.Object, long)'> (0x000000070e814e70) 
thrown [s\open\src\hotspot\share\interpreter\linkResolver.cpp, line 759]
Event: 2.216 Thread 0x00000172148c0620 Exception <a 'java/lang/NoSuchMethodError'{0x000000070e81cd40}: 'int java.lang.invoke.DirectMethodHandle$Holder.invokeStaticInit(java.lang.Object, java.lang.Object, java.lang.Object, long)'> (0x000000070e81cd40) 
thrown [s\open\src\hotspot\share\interpreter\linkResolver.cpp, line 759]
Event: 2.394 Thread 0x00000172148c0620 Exception <a 'java/lang/ClassNotFoundException'{0x000000070e33b838}: sun/awt/resources/spi/awtProvider> (0x000000070e33b838) 
thrown [s\open\src\hotspot\share\classfile\systemDictionary.cpp, line 256]
Event: 2.400 Thread 0x00000172148c0620 Exception <a 'java/io/FileNotFoundException'{0x000000070e346b90}> (0x000000070e346b90) 
thrown [s\open\src\hotspot\share\prims\jni.cpp, line 516]
Event: 2.400 Thread 0x00000172148c0620 Exception <a 'java/io/FileNotFoundException'{0x000000070e347fe8}> (0x000000070e347fe8) 
thrown [s\open\src\hotspot\share\prims\jni.cpp, line 516]
Event: 3.918 Thread 0x00000172148c0620 Exception <a 'java/lang/NoSuchMethodError'{0x000000070f69d070}: 'void java.lang.invoke.DirectMethodHandle$Holder.invokeVirtual(java.lang.Object, java.lang.Object)'> (0x000000070f69d070) 
thrown [s\open\src\hotspot\share\interpreter\linkResolver.cpp, line 759]
Event: 10.132 Thread 0x00000172148c0620 Exception <a 'java/lang/NoClassDefFoundError'{0x0000000708628270}: org/apache/log4j/Priority> (0x0000000708628270) 
thrown [s\open\src\hotspot\share\classfile\systemDictionary.cpp, line 245]
Event: 10.157 Thread 0x00000172148c0620 Exception <a 'java/lang/IncompatibleClassChangeError'{0x000000070876c038}: Found class java.lang.Object, but interface was expected> (0x000000070876c038) 
thrown [s\open\src\hotspot\share\interpreter\linkResolver.cpp, line 826]
Event: 10.159 Thread 0x00000172148c0620 Exception <a 'java/lang/ClassCastException'{0x000000070877b540}: class jdk.internal.ref.Cleaner cannot be cast to class java.lang.Runnable (jdk.internal.ref.Cleaner and java.lang.Runnable are in module java.base of loader 'bootstrap')> (0x000000070877b540) 
thrown [s\open\src\hotspot\share\interpreter\interpreterRuntime.cpp, line 444]
Event: 10.210 Thread 0x00000172148c0620 Exception <a 'java/lang/NoSuchMethodError'{0x0000000708528600}: 'java.lang.Object java.lang.invoke.Invokers$Holder.invoke_MT(java.lang.Object, java.lang.Object, java.lang.Object)'> (0x0000000708528600) 
thrown [s\open\src\hotspot\share\interpreter\linkResolver.cpp, line 759]
Event: 10.212 Thread 0x00000172148c0620 Exception <a 'java/lang/NoSuchMethodError'{0x0000000708533308}: 'java.lang.Object java.lang.invoke.Invokers$Holder.invokeExact_MT(java.lang.Object, java.lang.Object, java.lang.Object, java.lang.Object, java.lang.Object, java.lang.Object)'> (0x0000000708533308) 
thrown [s\open\src\hotspot\share\interpreter\linkResolver.cpp, line 759]
Event: 11.107 Thread 0x00000172148c0620 Implicit null exception at 0x000001722407c48c to 0x000001722407c645
Event: 11.895 Thread 0x00000172148c0620 Exception <a 'java/lang/NoSuchMethodError'{0x0000000711c6e9d8}: 'java.lang.Object java.lang.invoke.DirectMethodHandle$Holder.invokeSpecial(java.lang.Object, java.lang.Object, long, long, long, long, long, long, long)'> (0x0000000711c6e9d8) 
thrown [s\open\src\hotspot\share\interpreter\linkResolver.cpp, line 759]
Event: 11.895 Thread 0x00000172148c0620 Exception <a 'java/lang/NoSuchMethodError'{0x0000000711c72568}: 'java.lang.Object java.lang.invoke.DelegatingMethodHandle$Holder.reinvoke_L(java.lang.Object, long, long, long, long, long, long, long)'> (0x0000000711c72568) 
thrown [s\open\src\hotspot\share\interpreter\linkResolver.cpp, line 759]
Event: 11.902 Thread 0x00000172148c0620 Exception <a 'java/lang/NoSuchMethodError'{0x0000000711cb4960}: 'java.lang.Object java.lang.invoke.DirectMethodHandle$Holder.invokeSpecial(java.lang.Object, java.lang.Object, int, int, int, int)'> (0x0000000711cb4960) 
thrown [s\open\src\hotspot\share\interpreter\linkResolver.cpp, line 759]
Event: 11.943 Thread 0x00000172148c0620 Exception <a 'sun/nio/fs/WindowsException'{0x0000000712030678}> (0x0000000712030678) 
thrown [s\open\src\hotspot\share\prims\jni.cpp, line 516]
Event: 11.943 Thread 0x00000172148c0620 Exception <a 'sun/nio/fs/WindowsException'{0x0000000712030a78}> (0x0000000712030a78) 
thrown [s\open\src\hotspot\share\prims\jni.cpp, line 516]
Event: 11.948 Thread 0x00000172148c0620 Exception <a 'sun/nio/fs/WindowsException'{0x0000000712042b98}> (0x0000000712042b98) 
thrown [s\open\src\hotspot\share\prims\jni.cpp, line 516]
Event: 11.948 Thread 0x00000172148c0620 Exception <a 'sun/nio/fs/WindowsException'{0x0000000712042ec8}> (0x0000000712042ec8) 
thrown [s\open\src\hotspot\share\prims\jni.cpp, line 516]

VM Operations (20 events):
Event: 8.758 Executing VM operation: G1CollectForAllocation
Event: 8.764 Executing VM operation: G1CollectForAllocation done
Event: 9.775 Executing VM operation: Cleanup
Event: 9.775 Executing VM operation: Cleanup done
Event: 10.121 Executing VM operation: HandshakeAllThreads
Event: 10.121 Executing VM operation: HandshakeAllThreads done
Event: 10.185 Executing VM operation: HandshakeAllThreads
Event: 10.185 Executing VM operation: HandshakeAllThreads done
Event: 10.189 Executing VM operation: HandshakeAllThreads
Event: 10.189 Executing VM operation: HandshakeAllThreads done
Event: 10.191 Executing VM operation: HandshakeAllThreads
Event: 10.191 Executing VM operation: HandshakeAllThreads done
Event: 10.855 Executing VM operation: G1CollectForAllocation
Event: 10.861 Executing VM operation: G1CollectForAllocation done
Event: 11.865 Executing VM operation: Cleanup
Event: 11.881 Executing VM operation: Cleanup done
Event: 11.925 Executing VM operation: CollectForMetadataAllocation
Event: 11.932 Executing VM operation: CollectForMetadataAllocation done
Event: 11.953 Executing VM operation: G1Concurrent
Event: 11.955 Executing VM operation: G1Concurrent done

Events (20 events):
Event: 11.780 Thread 0x0000017200c7c650 Thread exited: 0x0000017200c7c650
Event: 11.781 loading class sun/net/www/HeaderParser
Event: 11.781 loading class sun/net/www/HeaderParser done
Event: 11.781 loading class sun/net/www/http/ChunkedInputStream
Event: 11.863 loading class sun/net/www/http/Hurryable
Event: 11.864 loading class sun/net/www/http/Hurryable done
Event: 11.864 loading class sun/net/www/http/ChunkedInputStream done
Event: 11.864 loading class sun/net/www/protocol/http/HttpURLConnection$HttpInputStream
Event: 11.864 loading class sun/net/www/protocol/http/HttpURLConnection$HttpInputStream done
Event: 11.864 loading class sun/net/www/protocol/http/HttpURLConnection$10
Event: 11.870 loading class sun/net/www/protocol/http/HttpURLConnection$10 done
Event: 11.881 loading class sun/security/ssl/Alert
Event: 11.881 loading class sun/security/ssl/Alert done
Event: 11.881 loading class sun/security/ssl/Alert$AlertConsumer
Event: 11.882 loading class sun/security/ssl/Alert$AlertConsumer done
Event: 11.882 loading class sun/security/ssl/Alert$Level
Event: 11.882 loading class sun/security/ssl/Alert$Level done
Event: 11.903 loading class java/lang/StackTraceElement$HashedModules
Event: 11.904 loading class java/lang/StackTraceElement$HashedModules done
Event: 11.945 Loaded shared library C:\Users\Administrator\AppData\Local\Temp\lwjgl_Administrator\3.3.3+5\x64\lwjgl_opengl.dll


Dynamic libraries:
0x00007ff768ce0000 - 0x00007ff768cf0000 	C:\Program Files\Java\jdk-17\bin\java.exe
0x00007ffc6ea10000 - 0x00007ffc6ec27000 	C:\Windows\SYSTEM32\ntdll.dll
0x00007ffc6da20000 - 0x00007ffc6dae4000 	C:\Windows\System32\KERNEL32.DLL
0x00007ffc6bec0000 - 0x00007ffc6c292000 	C:\Windows\System32\KERNELBASE.dll
0x00007ffc6bd00000 - 0x00007ffc6be11000 	C:\Windows\System32\ucrtbase.dll
0x00007ffc474c0000 - 0x00007ffc474db000 	C:\Program Files\Java\jdk-17\bin\VCRUNTIME140.dll
0x00007ffc45870000 - 0x00007ffc45889000 	C:\Program Files\Java\jdk-17\bin\jli.dll
0x00007ffc6e650000 - 0x00007ffc6e701000 	C:\Windows\System32\ADVAPI32.dll
0x00007ffc6d760000 - 0x00007ffc6d807000 	C:\Windows\System32\msvcrt.dll
0x00007ffc6d970000 - 0x00007ffc6da18000 	C:\Windows\System32\sechost.dll
0x00007ffc6c480000 - 0x00007ffc6c4a8000 	C:\Windows\System32\bcrypt.dll
0x00007ffc6e7b0000 - 0x00007ffc6e8c7000 	C:\Windows\System32\RPCRT4.dll
0x00007ffc6d4d0000 - 0x00007ffc6d681000 	C:\Windows\System32\USER32.dll
0x00007ffc6c2a0000 - 0x00007ffc6c2c6000 	C:\Windows\System32\win32u.dll
0x00007ffc543a0000 - 0x00007ffc5463b000 	C:\Windows\WinSxS\amd64_microsoft.windows.common-controls_6595b64144ccf1df_6.0.22621.5697_none_27154c497380d676\COMCTL32.dll
0x00007ffc6c850000 - 0x00007ffc6c879000 	C:\Windows\System32\GDI32.dll
0x00007ffc6c350000 - 0x00007ffc6c473000 	C:\Windows\System32\gdi32full.dll
0x00007ffc6be20000 - 0x00007ffc6beba000 	C:\Windows\System32\msvcp_win.dll
0x00007ffc6b570000 - 0x00007ffc6b57a000 	C:\Windows\SYSTEM32\VERSION.dll
0x00007ffc6d930000 - 0x00007ffc6d961000 	C:\Windows\System32\IMM32.DLL
0x000000006ccd0000 - 0x000000006ccdd000 	C:\Program Files (x86)\360\360Safe\safemon\SafeWrapper.dll
0x00007ffc63ac0000 - 0x00007ffc63bc5000 	C:\Program Files (x86)\360\360Safe\safemon\libzdtp64.dll
0x00007ffc6c890000 - 0x00007ffc6d131000 	C:\Windows\System32\SHELL32.dll
0x00007ffc6bbc0000 - 0x00007ffc6bcff000 	C:\Windows\System32\wintypes.dll
0x00007ffc6e0d0000 - 0x00007ffc6e462000 	C:\Windows\System32\combase.dll
0x00007ffc6e470000 - 0x00007ffc6e4d9000 	C:\Windows\System32\SHLWAPI.dll
0x00007ffc472a0000 - 0x00007ffc472ac000 	C:\Program Files\Java\jdk-17\bin\vcruntime140_1.dll
0x00007ffc38a70000 - 0x00007ffc38afe000 	C:\Program Files\Java\jdk-17\bin\msvcp140.dll
0x00007ffbf49b0000 - 0x00007ffbf5590000 	C:\Program Files\Java\jdk-17\bin\server\jvm.dll
0x00007ffc6d920000 - 0x00007ffc6d928000 	C:\Windows\System32\PSAPI.DLL
0x00007ffc47080000 - 0x00007ffc47089000 	C:\Windows\SYSTEM32\WSOCK32.dll
0x00007ffc5d5f0000 - 0x00007ffc5d624000 	C:\Windows\SYSTEM32\WINMM.dll
0x00007ffc6e4e0000 - 0x00007ffc6e551000 	C:\Windows\System32\WS2_32.dll
0x00007ffc6a9f0000 - 0x00007ffc6aa08000 	C:\Windows\SYSTEM32\kernel.appcore.dll
0x00007ffc40960000 - 0x00007ffc4096a000 	C:\Program Files\Java\jdk-17\bin\jimage.dll
0x00007ffc69330000 - 0x00007ffc69563000 	C:\Windows\SYSTEM32\DBGHELP.DLL
0x00007ffc6e570000 - 0x00007ffc6e648000 	C:\Windows\System32\OLEAUT32.dll
0x00007ffc4ac30000 - 0x00007ffc4ac62000 	C:\Windows\SYSTEM32\dbgcore.DLL
0x00007ffc6c2d0000 - 0x00007ffc6c34b000 	C:\Windows\System32\bcryptPrimitives.dll
0x00007ffc40210000 - 0x00007ffc4021e000 	C:\Program Files\Java\jdk-17\bin\instrument.dll
0x00007ffc3bea0000 - 0x00007ffc3bec5000 	C:\Program Files\Java\jdk-17\bin\java.dll
0x00007ffc1f560000 - 0x00007ffc1f637000 	C:\Program Files\Java\jdk-17\bin\jsvml.dll
0x00007ffc69910000 - 0x00007ffc6a22a000 	C:\Windows\SYSTEM32\windows.storage.dll
0x00007ffc6d810000 - 0x00007ffc6d91b000 	C:\Windows\System32\SHCORE.dll
0x00007ffc6ba30000 - 0x00007ffc6ba5b000 	C:\Windows\SYSTEM32\profapi.dll
0x00007ffc3bed0000 - 0x00007ffc3bee8000 	C:\Program Files\Java\jdk-17\bin\zip.dll
0x00007ffc3be80000 - 0x00007ffc3be99000 	C:\Program Files\Java\jdk-17\bin\net.dll
0x00007ffc67810000 - 0x00007ffc6793c000 	C:\Windows\SYSTEM32\WINHTTP.dll
0x00007ffc6aeb0000 - 0x00007ffc6af19000 	C:\Windows\system32\mswsock.dll
0x00007ffc3afc0000 - 0x00007ffc3afd6000 	C:\Program Files\Java\jdk-17\bin\nio.dll
0x00007ffc6a4d0000 - 0x00007ffc6a5c8000 	C:\Windows\SYSTEM32\DNSAPI.dll
0x00007ffc6b730000 - 0x00007ffc6b75d000 	C:\Windows\SYSTEM32\IPHLPAPI.DLL
0x00007ffc6e560000 - 0x00007ffc6e569000 	C:\Windows\System32\NSI.dll
0x00007ffc639a0000 - 0x00007ffc639aa000 	C:\Windows\System32\rasadhlp.dll
0x00007ffc65760000 - 0x00007ffc657e4000 	C:\Windows\System32\fwpuclnt.dll
0x00007ffc3ff90000 - 0x00007ffc3ff9a000 	C:\Program Files\Java\jdk-17\bin\management.dll
0x00007ffc3d000000 - 0x00007ffc3d00b000 	C:\Program Files\Java\jdk-17\bin\management_ext.dll
0x00007ffc6b270000 - 0x00007ffc6b28b000 	C:\Windows\SYSTEM32\CRYPTSP.dll
0x00007ffc6a950000 - 0x00007ffc6a987000 	C:\Windows\system32\rsaenh.dll
0x00007ffc6af50000 - 0x00007ffc6af78000 	C:\Windows\SYSTEM32\USERENV.dll
0x00007ffc6b0b0000 - 0x00007ffc6b0bc000 	C:\Windows\SYSTEM32\CRYPTBASE.dll
0x00007ffc677f0000 - 0x00007ffc67809000 	C:\Windows\SYSTEM32\dhcpcsvc6.DLL
0x00007ffc677b0000 - 0x00007ffc677cf000 	C:\Windows\SYSTEM32\dhcpcsvc.DLL
0x00007ffc3f290000 - 0x00007ffc3f2a7000 	C:\Windows\system32\napinsp.dll
0x00007ffc3f270000 - 0x00007ffc3f28b000 	C:\Windows\system32\pnrpnsp.dll
0x00007ffc3f250000 - 0x00007ffc3f261000 	C:\Windows\System32\winrnr.dll
0x00007ffc3cf10000 - 0x00007ffc3cf2f000 	C:\Windows\system32\wshbth.dll
0x00007ffc4d2c0000 - 0x00007ffc4d310000 	C:\Windows\SYSTEM32\pdh.dll
0x00007ffc3ffc0000 - 0x00007ffc3ffd0000 	C:\Program Files\Java\jdk-17\bin\verify.dll
0x00007ffc3be70000 - 0x00007ffc3be7e000 	C:\Program Files\Java\jdk-17\bin\sunmscapi.dll
0x00007ffc6c530000 - 0x00007ffc6c698000 	C:\Windows\System32\CRYPT32.dll
0x00007ffc6b400000 - 0x00007ffc6b42d000 	C:\Windows\SYSTEM32\ncrypt.dll
0x00007ffc6b3c0000 - 0x00007ffc6b3f7000 	C:\Windows\SYSTEM32\NTASN1.dll
0x00007ffc472f0000 - 0x00007ffc47301000 	C:\Windows\System32\perfproc.dll
0x00007ffc67200000 - 0x00007ffc67210000 	C:\Windows\System32\perfos.dll
0x00007ffc682a0000 - 0x00007ffc682b0000 	C:\Windows\SYSTEM32\pfclient.dll
0x00007ffc2ae10000 - 0x00007ffc2ae8b000 	C:\Users\Administrator\AppData\Local\Temp\lwjgl_Administrator\3.3.3+5\x64\lwjgl.dll
0x00007ffc2ad80000 - 0x00007ffc2ae02000 	C:\Users\Administrator\AppData\Local\Temp\lwjgl_Administrator\3.3.3+5\x64\glfw.dll
0x00007ffc34e80000 - 0x00007ffc34ec6000 	C:\Windows\SYSTEM32\dinput8.dll
0x00007ffc38850000 - 0x00007ffc38861000 	C:\Windows\SYSTEM32\xinput1_4.dll
0x00007ffc6b790000 - 0x00007ffc6b7de000 	C:\Windows\SYSTEM32\cfgmgr32.dll
0x00007ffc6b760000 - 0x00007ffc6b78c000 	C:\Windows\SYSTEM32\DEVOBJ.dll
0x00007ffc682e0000 - 0x00007ffc6830b000 	C:\Windows\SYSTEM32\dwmapi.dll
0x00007ffc4cf80000 - 0x00007ffc4d195000 	C:\Windows\SYSTEM32\inputhost.dll
0x00007ffc66b60000 - 0x00007ffc66c93000 	C:\Windows\SYSTEM32\CoreMessaging.dll
0x00007ffc680f0000 - 0x00007ffc681a4000 	C:\Windows\system32\uxtheme.dll
0x00007ffc6df70000 - 0x00007ffc6e0d0000 	C:\Windows\System32\MSCTF.dll
0x00007ffc208b0000 - 0x00007ffc20a41000 	C:\Program Files\Java\jdk-17\bin\awt.dll
0x00007ffc675f0000 - 0x00007ffc67687000 	C:\Windows\SYSTEM32\apphelp.dll
0x0000017201bb0000 - 0x0000017201bb4000 	C:\Program Files\Java\jdk-17\bin\api-ms-win-crt-locale-l1-1-0.dll
0x0000017201bc0000 - 0x0000017201bc5000 	C:\Program Files\Java\jdk-17\bin\api-ms-win-crt-string-l1-1-0.dll
0x0000017201bd0000 - 0x0000017201bd5000 	C:\Program Files\Java\jdk-17\bin\api-ms-win-crt-stdio-l1-1-0.dll
0x0000017201be0000 - 0x0000017201be6000 	C:\Program Files\Java\jdk-17\bin\api-ms-win-crt-math-l1-1-0.dll
0x0000017201bf0000 - 0x0000017201bf4000 	C:\Program Files\Java\jdk-17\bin\api-ms-win-crt-heap-l1-1-0.dll
0x0000017201c00000 - 0x0000017201c05000 	C:\Program Files\Java\jdk-17\bin\api-ms-win-crt-runtime-l1-1-0.dll
0x0000017201c10000 - 0x0000017201c15000 	C:\Program Files\Java\jdk-17\bin\api-ms-win-crt-convert-l1-1-0.dll
0x0000017201c20000 - 0x0000017201c24000 	C:\Program Files\Java\jdk-17\bin\api-ms-win-crt-environment-l1-1-0.dll
0x0000017201c30000 - 0x0000017201c34000 	C:\Program Files\Java\jdk-17\bin\api-ms-win-crt-time-l1-1-0.dll
0x0000017201c40000 - 0x0000017201c44000 	C:\Program Files\Java\jdk-17\bin\api-ms-win-crt-filesystem-l1-1-0.dll
0x0000017201c50000 - 0x0000017201c54000 	C:\Program Files\Java\jdk-17\bin\api-ms-win-crt-utility-l1-1-0.dll
0x0000017201c60000 - 0x0000017201c66000 	C:\Program Files\Java\jdk-17\bin\api-ms-win-crt-multibyte-l1-1-0.dll
0x0000017201c70000 - 0x0000017201c74000 	C:\Program Files\Java\jdk-17\bin\api-ms-win-crt-conio-l1-1-0.dll
0x0000017201c80000 - 0x0000017201c91000 	C:\Program Files\Java\jdk-17\bin\api-ms-win-crt-private-l1-1-0.dll
0x0000017201ca0000 - 0x0000017201ca4000 	C:\Program Files\Java\jdk-17\bin\api-ms-win-crt-process-l1-1-0.dll
0x0000017201cb0000 - 0x0000017201cb4000 	C:\Program Files\Java\jdk-17\bin\api-ms-win-core-console-l1-2-0.dll
0x0000017201cc0000 - 0x0000017201cc4000 	C:\Program Files\Java\jdk-17\bin\api-ms-win-core-string-l1-1-0.dll
0x00000172036b0000 - 0x00000172036b4000 	C:\Program Files\Java\jdk-17\bin\api-ms-win-core-errorhandling-l1-1-0.dll
0x00000172036c0000 - 0x00000172036c4000 	C:\Program Files\Java\jdk-17\bin\api-ms-win-core-timezone-l1-1-0.dll
0x00000172036d0000 - 0x00000172036d5000 	C:\Program Files\Java\jdk-17\bin\api-ms-win-core-file-l1-1-0.dll
0x00000172036e0000 - 0x00000172036e4000 	C:\Program Files\Java\jdk-17\bin\api-ms-win-core-namedpipe-l1-1-0.dll
0x00000172036f0000 - 0x00000172036f4000 	C:\Program Files\Java\jdk-17\bin\api-ms-win-core-handle-l1-1-0.dll
0x0000017203700000 - 0x0000017203704000 	C:\Program Files\Java\jdk-17\bin\api-ms-win-core-file-l2-1-0.dll
0x0000017203710000 - 0x0000017203714000 	C:\Program Files\Java\jdk-17\bin\api-ms-win-core-heap-l1-1-0.dll
0x0000017203720000 - 0x0000017203724000 	C:\Program Files\Java\jdk-17\bin\api-ms-win-core-libraryloader-l1-1-0.dll
0x0000017203730000 - 0x0000017203734000 	C:\Program Files\Java\jdk-17\bin\api-ms-win-core-synch-l1-1-0.dll
0x0000017203740000 - 0x0000017203744000 	C:\Program Files\Java\jdk-17\bin\api-ms-win-core-processthreads-l1-1-0.dll
0x0000017203750000 - 0x0000017203754000 	C:\Program Files\Java\jdk-17\bin\api-ms-win-core-processenvironment-l1-1-0.dll
0x0000017203760000 - 0x0000017203764000 	C:\Program Files\Java\jdk-17\bin\api-ms-win-core-datetime-l1-1-0.dll
0x0000017203770000 - 0x0000017203774000 	C:\Program Files\Java\jdk-17\bin\api-ms-win-core-localization-l1-2-0.dll
0x0000017203780000 - 0x0000017203784000 	C:\Program Files\Java\jdk-17\bin\api-ms-win-core-sysinfo-l1-1-0.dll
0x0000017203790000 - 0x0000017203794000 	C:\Program Files\Java\jdk-17\bin\api-ms-win-core-synch-l1-2-0.dll
0x00000172037a0000 - 0x00000172037a4000 	C:\Program Files\Java\jdk-17\bin\api-ms-win-core-console-l1-1-0.dll
0x00000172037b0000 - 0x00000172037b4000 	C:\Program Files\Java\jdk-17\bin\api-ms-win-core-debug-l1-1-0.dll
0x00000172037c0000 - 0x00000172037c4000 	C:\Program Files\Java\jdk-17\bin\api-ms-win-core-rtlsupport-l1-1-0.dll
0x00000172037d0000 - 0x00000172037d4000 	C:\Program Files\Java\jdk-17\bin\api-ms-win-core-processthreads-l1-1-1.dll
0x00000172037e0000 - 0x00000172037e4000 	C:\Program Files\Java\jdk-17\bin\api-ms-win-core-file-l1-2-0.dll
0x00000172037f0000 - 0x00000172037f4000 	C:\Program Files\Java\jdk-17\bin\api-ms-win-core-profile-l1-1-0.dll
0x0000017203800000 - 0x0000017203804000 	C:\Program Files\Java\jdk-17\bin\api-ms-win-core-memory-l1-1-0.dll

dbghelp: loaded successfully - version: 4.0.5 - missing functions: none
symbol engine: initialized successfully - sym options: 0x614 - pdb path: .;C:\Program Files\Java\jdk-17\bin;C:\Windows\SYSTEM32;C:\Windows\WinSxS\amd64_microsoft.windows.common-controls_6595b64144ccf1df_6.0.22621.5697_none_27154c497380d676;C:\Program Files (x86)\360\360Safe\safemon;C:\Program Files\Java\jdk-17\bin\server;C:\Users\Administrator\AppData\Local\Temp\lwjgl_Administrator\3.3.3+5\x64;C:\Users\Administrator\.javacpp\cache\ffmpeg-6.1.1-1.5.10-windows-x86_64.jar\org\bytedeco\ffmpeg\windows-x86_64;C:\Users\Administrator\.javacpp\cache\javacpp-1.5.10-windows-x86_64.jar\org\bytedeco\javacpp\windows-x86_64

VM Arguments:
jvm_args: -javaagent:C:\Program Files\JetBrains\IntelliJ IDEA 2025.1.4.1\lib\idea_rt.jar=59912 -Dfile.encoding=UTF-8 
java_command: Start
java_class_path (initial): C:\Users\Administrator\Desktop\Southside-sell-source\license-emulator\build\classes\java\main;C:\Users\Administrator\Desktop\Southside-sell-source\license-emulator\build\resources\main;C:\Users\Administrator\.gradle\caches\modules-2\files-2.1\com.google.code.gson\gson\2.10.1\b3add478d4382b78ea20b1671390a858002feb6c\gson-2.10.1.jar;C:\Users\Administrator\.gradle\caches\modules-2\files-2.1\org.apache.httpcomponents\httpclient\4.5.14\1194890e6f56ec29177673f2f12d0b8e627dec98\httpclient-4.5.14.jar;C:\Users\Administrator\.gradle\caches\modules-2\files-2.1\org.apache.httpcomponents\httpcore\4.4.16\51cf043c87253c9f58b539c9f7e44c8894223850\httpcore-4.4.16.jar;C:\Users\Administrator\.gradle\caches\modules-2\files-2.1\commons-logging\commons-logging\1.2\4bfc12adfe4842bf07b657f0369c4cb522955686\commons-logging-1.2.jar;C:\Users\Administrator\.gradle\caches\modules-2\files-2.1\commons-codec\commons-codec\1.11\3acb4705652e16236558f0f4f2192cc33c3bd189\commons-codec-1.11.jar;C:\Users\Administrator\Desktop\Southside-sell-source\build\classes\java\main;C:\Users\Administrator\Desktop\Southside-sell-source\build\resources\main;C:\Users\Administrator\Desktop\Southside-sell-source\dependences\libs\sound\codecjorbis-20101023.jar;C:\Users\Administrator\Desktop\Southside-sell-source\dependences\libs\sound\codecwav-20101023.jar;C:\Users\Administrator\Desktop\Southside-sell-source\dependences\libs\sound\libraryjavasound-20101123.jar;C:\Users\Administrator\Desktop\Southside-sell-source\dependences\libs\sound\soundsystem-20120107.jar;C:\Users\Administrator\Desktop\Southside-sell-source\dependences\libs\annotations-1.4.1.jar;C:\Users\Administrator\Desktop\Southside-sell-source\dependences\libs\authlib-1.5.25.jar;C:\Users\Administrator\Desktop\Southside-sell-source\dependences\libs\commons-codec-1.10.jar;C:\Users\Administrator\Desktop\Southside-sell-source\dependences\libs\commons-compress-1.8.1.jar;C:\Users\Administrator\Desktop\Southside-sell-source\dependences\libs\
Launcher Type: SUN_STANDARD

[Global flags]
     intx CICompilerCount                          = 4                                         {product} {ergonomic}
     uint ConcGCThreads                            = 2                                         {product} {ergonomic}
     uint G1ConcRefinementThreads                  = 8                                         {product} {ergonomic}
   size_t G1HeapRegionSize                         = 2097152                                   {product} {ergonomic}
    uintx GCDrainStackTargetSize                   = 64                                        {product} {ergonomic}
   size_t InitialHeapSize                          = 268435456                                 {product} {ergonomic}
   size_t MarkStackSize                            = 4194304                                   {product} {ergonomic}
   size_t MaxHeapSize                              = 4284481536                                {product} {ergonomic}
   size_t MaxNewSize                               = 2569011200                                {product} {ergonomic}
   size_t MinHeapDeltaBytes                        = 2097152                                   {product} {ergonomic}
   size_t MinHeapSize                              = 8388608                                   {product} {ergonomic}
    uintx NonNMethodCodeHeapSize                   = 5839372                                {pd product} {ergonomic}
    uintx NonProfiledCodeHeapSize                  = 122909434                              {pd product} {ergonomic}
    uintx ProfiledCodeHeapSize                     = 122909434                              {pd product} {ergonomic}
    uintx ReservedCodeCacheSize                    = 251658240                              {pd product} {ergonomic}
     bool SegmentedCodeCache                       = true                                      {product} {ergonomic}
   size_t SoftMaxHeapSize                          = 4284481536                             {manageable} {ergonomic}
     bool UseCompressedClassPointers               = true                           {product lp64_product} {ergonomic}
     bool UseCompressedOops                        = true                           {product lp64_product} {ergonomic}
     bool UseG1GC                                  = true                                      {product} {ergonomic}
     bool UseLargePagesIndividualAllocation        = false                                  {pd product} {ergonomic}

Logging:
Log output configuration:
 #0: stdout all=warning uptime,level,tags
 #1: stderr all=off uptime,level,tags

Environment Variables:
PATH=C:\Program Files\Common Files\Oracle\Java\javapath;C:\Program Files (x86)\Common Files\Oracle\Java\java8path;C:\Program Files (x86)\Common Files\Oracle\Java\javapath;C:\Program Files\Microsoft\jdk-21.0.7.6-hotspot\bin;C:\Windows\system32;C:\Windows;C:\Windows\System32\Wbem;C:\Windows\System32\WindowsPowerShell\v1.0\;C:\Windows\System32\OpenSSH\;C:\Program Files\dotnet\;C:\Program Files\AskLink;C:\Program Files\Git\cmd;C:\Users\Administrator\AppData\Local\Microsoft\WindowsApps;C:\Users\Administrator\.dotnet\tools
USERNAME=Administrator
OS=Windows_NT
PROCESSOR_IDENTIFIER=Intel64 Family 6 Model 158 Stepping 9, GenuineIntel



---------------  S Y S T E M  ---------------

OS:
 Windows 11 , 64 bit Build 22621 (10.0.22621.5415)
OS uptime: 0 days 2:15 hours
Hyper-V role detected

CPU: total 8 (initial active 8) (4 cores per cpu, 2 threads per core) family 6 model 158 stepping 9 microcode 0xf0, cx8, cmov, fxsr, ht, mmx, 3dnowpref, sse, sse2, sse3, ssse3, sse4.1, sse4.2, popcnt, lzcnt, tsc, tscinvbit, avx, avx2, aes, erms, clmul, bmi1, bmi2, rtm, adx, fma, vzeroupper, clflush, clflushopt, hv

Memory: 4k page, system-wide physical 16337M (6804M free)
TotalPageFile size 32721M (AvailPageFile size 20512M)
current process WorkingSet (physical memory assigned to process): 329M, peak: 429M
current process commit charge ("private bytes"): 411M, peak: 514M

vm_info: Java HotSpot(TM) 64-Bit Server VM (17.0.12+8-LTS-286) for windows-amd64 JRE (17.0.12+8-LTS-286), built on Jun  5 2024 06:46:59 by "mach5one" with MS VC++ 17.6 (VS2022)

END.
